[2026-04-14T22:19:55Z] === ENRICH ITERATION 14 START | repo=astral-sh/ruff sha=b54922fd ===
[2026-04-14T22:19:55Z] [iter=14] PHASE START: enrich repo=astral-sh/ruff sha=b54922fd runlog=/home/runner/work/forx/forx/storage/aggregate/lsp/logs/b54922fd-enrich-iter-014.log output=/home/runner/work/forx/forx/storage/aggregate/lsp/b54922fd7394c36cdc390fd21aaee99206ebc361.nq.gz
[2026-04-14T22:19:55Z] [iter=14] Step 1: Loading AST into disk-backed store mem_mb=77 MB
[2026-04-14T22:22:00Z] [iter=14] AST store loaded triples=11609282 load_secs=120 mem_mb=1090 MB
[2026-04-14T22:22:00Z] [iter=14] Step 2: Finding LSP targets mem_mb=1090 MB
[2026-04-14T22:22:25Z] [iter=14] LSP targets found call_sites=82537 imports=7864 extends=425 implements=349 secs=24
[2026-04-14T22:22:40Z] [iter=14] Loaded checkpoint partial graph triples=332343
[2026-04-14T22:23:00Z] [iter=14] Step 2.7: Building position index (one-shot, shared across resolvers) mem_mb=1212 MB
[2026-04-14T22:24:20Z] [iter=14] Position index built positions=795749 nodes_with_types=974884 secs=80 mem_mb=2664 MB
[2026-04-14T22:24:20Z] [iter=14] Step 3: Starting LSP resolution mem_mb=2664 MB already_completed_types=[] already_completed_files=613
[2026-04-14T22:24:20Z] [iter=14] Resolving target type target_type=call_site count=82537
[2026-04-14T22:25:37Z] [iter=14] HEARTBEAT target_type=call_site elapsed_min=5.7 files_done=0 resolved=0 errors=0 current=crates/ruff_linter/src/rules/flake8_bugbear/rules/getattr_with_constant.rs
[2026-04-14T22:27:55Z] [iter=14] HEARTBEAT target_type=call_site elapsed_min=8.0 files_done=1 resolved=1 errors=20 current=crates/ruff_linter/src/rules/pylint/rules/unnecessary_lambda.rs
[2026-04-14T22:32:28Z] [iter=14] HEARTBEAT target_type=call_site elapsed_min=12.5 files_done=2 resolved=4 errors=79 current=crates/ruff_linter/src/rules/pylint/rules/non_augmented_assignment.rs
[2026-04-14T22:35:51Z] [iter=14] HEARTBEAT target_type=call_site elapsed_min=15.9 files_done=3 resolved=8 errors=123 current=crates/ruff_linter/src/rules/pylint/rules/empty_comment.rs
[2026-04-14T22:38:20Z] [iter=14] HEARTBEAT target_type=call_site elapsed_min=18.4 files_done=4 resolved=13 errors=155 current=crates/ruff_linter/src/checkers/ast/analyze/deferred_scopes.rs
[2026-04-14T22:49:39Z] [iter=14] HEARTBEAT target_type=call_site elapsed_min=29.7 files_done=5 resolved=24 errors=303 current=crates/ruff_python_formatter/src/pattern/pattern_match_mapping.rs
[2026-04-14T22:53:10Z] [iter=14] HEARTBEAT target_type=call_site elapsed_min=33.2 files_done=6 resolved=29 errors=349 current=crates/ruff_formatter/src/arguments.rs
[2026-04-14T22:53:52Z] [iter=14] HEARTBEAT target_type=call_site elapsed_min=33.9 files_done=7 resolved=32 errors=358 current=crates/ruff_server/src/server/schedule/thread/pool.rs
[2026-04-14T22:54:49Z] [iter=14] HEARTBEAT target_type=call_site elapsed_min=34.9 files_done=8 resolved=44 errors=370 current=crates/ruff_db/src/file_system.rs
[2026-04-14T22:56:18Z] [iter=14] HEARTBEAT target_type=call_site elapsed_min=36.4 files_done=9 resolved=80 errors=389 current=crates/ruff_python_resolver/src/implicit_imports.rs
[2026-04-14T22:58:54Z] [iter=14] HEARTBEAT target_type=call_site elapsed_min=39.0 files_done=10 resolved=95 errors=423 current=crates/ruff_linter/src/rules/flake8_simplify/rules/ast_with.rs
[2026-04-14T23:01:35Z] [iter=14] HEARTBEAT target_type=call_site elapsed_min=41.7 files_done=11 resolved=100 errors=458 current=crates/ruff_linter/src/rules/flake8_pyi/rules/bad_generator_return_type.rs
[2026-04-14T23:05:25Z] [iter=14] HEARTBEAT target_type=call_site elapsed_min=45.5 files_done=12 resolved=116 errors=508 current=crates/ruff_linter/src/doc_lines.rs
[2026-04-14T23:06:34Z] [iter=14] HEARTBEAT target_type=call_site elapsed_min=46.6 files_done=13 resolved=121 errors=523 current=crates/ruff_linter/src/rules/refurb/rules/read_whole_file.rs
[2026-04-14T23:09:24Z] [iter=14] HEARTBEAT target_type=call_site elapsed_min=49.5 files_done=14 resolved=132 errors=560 current=crates/ruff/src/commands/config.rs
[2026-04-14T23:10:26Z] [iter=14] HEARTBEAT target_type=call_site elapsed_min=50.5 files_done=16 resolved=143 errors=573 current=crates/ruff_python_parser/src/token_source.rs
[2026-04-14T23:11:11Z] [iter=14] HEARTBEAT target_type=call_site elapsed_min=51.3 files_done=17 resolved=180 errors=583 current=crates/ruff_linter/src/rules/pylint/rules/manual_import_from.rs
[2026-04-14T23:12:34Z] [iter=14] HEARTBEAT target_type=call_site elapsed_min=52.6 files_done=18 resolved=185 errors=601 current=crates/ruff_linter/src/rules/flake8_pyi/rules/unnecessary_literal_union.rs
[2026-04-14T23:16:41Z] [iter=14] HEARTBEAT target_type=call_site elapsed_min=56.8 files_done=19 resolved=197 errors=655 current=crates/ruff_linter/src/rules/pylint/rules/logging.rs
[2026-04-14T23:18:59Z] [iter=14] HEARTBEAT target_type=call_site elapsed_min=59.1 files_done=20 resolved=199 errors=685 current=crates/ruff_dev/src/generate_json_schema.rs
[2026-04-14T23:20:53Z] [iter=14] HEARTBEAT target_type=call_site elapsed_min=61.0 files_done=22 resolved=219 errors=709 current=crates/ruff_linter/src/rules/flake8_builtins/rules/builtin_argument_shadowing.rs
[2026-04-14T23:23:42Z] [iter=14] HEARTBEAT target_type=call_site elapsed_min=63.8 files_done=24 resolved=227 errors=746 current=crates/red_knot/src/lib.rs
[2026-04-14T23:25:07Z] [iter=14] HEARTBEAT target_type=call_site elapsed_min=65.2 files_done=26 resolved=269 errors=763 current=fuzz/fuzz_targets/ruff_parse_simple.rs
[2026-04-14T23:27:03Z] [iter=14] HEARTBEAT target_type=call_site elapsed_min=67.1 files_done=28 resolved=272 errors=788 current=crates/ruff_linter/src/rules/refurb/rules/repeated_append.rs
[2026-04-14T23:33:14Z] [iter=14] HEARTBEAT target_type=call_site elapsed_min=73.3 files_done=29 resolved=305 errors=869 current=crates/ruff_linter/src/rules/pydocstyle/rules/not_empty.rs
[2026-04-14T23:33:46Z] [iter=14] HEARTBEAT target_type=call_site elapsed_min=73.8 files_done=30 resolved=306 errors=876 current=crates/ruff_python_formatter/src/comments/node_key.rs
[2026-04-14T23:34:55Z] [iter=14] HEARTBEAT target_type=call_site elapsed_min=75.0 files_done=31 resolved=316 errors=891 current=crates/ruff_python_formatter/src/expression/expr_ipy_escape_command.rs
[2026-04-14T23:37:18Z] [iter=14] HEARTBEAT target_type=call_site elapsed_min=77.4 files_done=33 resolved=323 errors=922 current=crates/red_knot/src/lint.rs
[2026-04-14T23:43:02Z] [iter=14] HEARTBEAT target_type=call_site elapsed_min=83.1 files_done=34 resolved=356 errors=997 current=crates/ruff_python_formatter/src/statement/stmt_delete.rs
[2026-04-14T23:44:07Z] [iter=14] HEARTBEAT target_type=call_site elapsed_min=84.2 files_done=35 resolved=356 errors=1011 current=crates/ruff_python_formatter/src/expression/expr_tuple.rs
[2026-04-14T23:47:56Z] [iter=14] HEARTBEAT target_type=call_site elapsed_min=88.0 files_done=36 resolved=358 errors=1061 current=crates/ruff_dev/src/round_trip.rs
[2026-04-14T23:48:48Z] [iter=14] HEARTBEAT target_type=call_site elapsed_min=88.9 files_done=38 resolved=365 errors=1072 current=crates/ruff_linter/src/rules/flake8_bandit/rules/paramiko_calls.rs
[2026-04-14T23:50:31Z] [iter=14] HEARTBEAT target_type=call_site elapsed_min=90.6 files_done=40 resolved=373 errors=1094 current=crates/red_knot/src/program/check.rs
[2026-04-14T23:55:48Z] [iter=14] HEARTBEAT target_type=call_site elapsed_min=95.9 files_done=41 resolved=404 errors=1162 current=crates/ruff_linter/src/rules/pydocstyle/settings.rs
[2026-04-14T23:56:39Z] [iter=14] HEARTBEAT target_type=call_site elapsed_min=96.7 files_done=43 resolved=417 errors=1173 current=crates/ruff_linter/src/rules/flake8_bandit/rules/ssh_no_host_key_verification.rs
[2026-04-14T23:57:39Z] [iter=14] HEARTBEAT target_type=call_site elapsed_min=97.7 files_done=44 resolved=420 errors=1186 current=crates/ruff_linter/src/rules/flake8_import_conventions/settings.rs
[2026-04-14T23:58:16Z] [iter=14] HEARTBEAT target_type=call_site elapsed_min=98.3 files_done=45 resolved=431 errors=1194 current=crates/ruff_linter/src/rules/flake8_pyi/rules/complex_if_statement_in_stub.rs
[2026-04-14T23:59:20Z] [iter=14] HEARTBEAT target_type=call_site elapsed_min=99.4 files_done=46 resolved=433 errors=1208 current=crates/red_knot_python_semantic/src/db.rs
[2026-04-15T00:00:52Z] [iter=14] HEARTBEAT target_type=call_site elapsed_min=100.9 files_done=47 resolved=451 errors=1228 current=crates/red_knot/src/parse.rs
[2026-04-15T00:01:24Z] [iter=14] HEARTBEAT target_type=call_site elapsed_min=101.5 files_done=48 resolved=453 errors=1235 current=crates/ruff_linter/src/rules/flynt/rules/static_join_to_fstring.rs
[2026-04-15T00:04:37Z] [iter=14] HEARTBEAT target_type=call_site elapsed_min=104.7 files_done=49 resolved=462 errors=1277 current=crates/ruff_server/src/session/capabilities.rs
[2026-04-15T00:06:18Z] [iter=14] HEARTBEAT target_type=call_site elapsed_min=106.4 files_done=50 resolved=463 errors=1299 current=crates/ruff_linter/src/rules/pyupgrade/rules/use_pep585_annotation.rs
[2026-04-15T00:08:13Z] [iter=14] HEARTBEAT target_type=call_site elapsed_min=108.3 files_done=51 resolved=468 errors=1324 current=crates/ruff_formatter/src/lib.rs
[2026-04-15T00:12:27Z] [iter=14] HEARTBEAT target_type=call_site elapsed_min=112.5 files_done=52 resolved=513 errors=1379 current=crates/ruff_python_stdlib/src/typing.rs
[2026-04-15T00:13:31Z] [iter=14] HEARTBEAT target_type=call_site elapsed_min=113.6 files_done=54 resolved=545 errors=1393 current=crates/ruff_python_formatter/src/pattern/pattern_match_as.rs
[2026-04-15T00:15:17Z] [iter=14] HEARTBEAT target_type=call_site elapsed_min=115.4 files_done=55 resolved=546 errors=1416 current=crates/ruff_linter/src/rules/flake8_pie/rules/non_unique_enums.rs
[2026-04-15T00:16:35Z] [iter=14] HEARTBEAT target_type=call_site elapsed_min=116.7 files_done=56 resolved=550 errors=1433 current=crates/ruff_linter/src/rules/flake8_logging/rules/invalid_get_logger_argument.rs
[2026-04-15T00:17:57Z] [iter=14] HEARTBEAT target_type=call_site elapsed_min=118.0 files_done=57 resolved=555 errors=1451 current=crates/ruff_python_semantic/src/globals.rs
[2026-04-15T00:18:39Z] [iter=14] HEARTBEAT target_type=call_site elapsed_min=118.7 files_done=58 resolved=561 errors=1460 current=crates/ruff_linter/src/rules/flake8_bugbear/mod.rs
[2026-04-15T00:19:33Z] [iter=14] HEARTBEAT target_type=call_site elapsed_min=119.6 files_done=59 resolved=576 errors=1472 current=crates/ruff_linter/src/rules/pyupgrade/rules/native_literals.rs
[2026-04-15T00:23:41Z] [iter=14] HEARTBEAT target_type=call_site elapsed_min=123.8 files_done=60 resolved=593 errors=1526 current=crates/ruff_linter/src/rules/pydocstyle/rules/one_liner.rs
[2026-04-15T00:25:49Z] [iter=14] HEARTBEAT target_type=call_site elapsed_min=125.9 files_done=61 resolved=596 errors=1554 current=crates/ruff_linter/src/checkers/filesystem.rs
[2026-04-15T00:28:52Z] [iter=14] HEARTBEAT target_type=call_site elapsed_min=128.9 files_done=63 resolved=598 errors=1594 current=crates/ruff_linter/src/rules/flake8_future_annotations/rules/future_required_type_annotation.rs
[2026-04-15T00:29:47Z] [iter=14] HEARTBEAT target_type=call_site elapsed_min=129.9 files_done=64 resolved=600 errors=1606 current=crates/ruff_linter/src/rules/flake8_self/rules/private_member_access.rs
[2026-04-15T00:32:13Z] [iter=14] HEARTBEAT target_type=call_site elapsed_min=132.3 files_done=65 resolved=606 errors=1638 current=crates/ruff_text_size/tests/main.rs
[2026-04-15T00:33:13Z] [iter=14] HEARTBEAT target_type=call_site elapsed_min=133.3 files_done=67 resolved=651 errors=1651 current=crates/ruff_linter/src/rules/pycodestyle/rules/missing_newline_at_end_of_file.rs
[2026-04-15T00:34:12Z] [iter=14] HEARTBEAT target_type=call_site elapsed_min=134.3 files_done=68 resolved=653 errors=1664 current=crates/ruff_linter/src/message/diff.rs
[2026-04-15T00:38:08Z] [iter=14] HEARTBEAT target_type=call_site elapsed_min=138.2 files_done=69 resolved=676 errors=1715 current=crates/ruff_server/src/server/api.rs
[2026-04-15T00:42:44Z] [iter=14] HEARTBEAT target_type=call_site elapsed_min=142.8 files_done=70 resolved=700 errors=1775 current=crates/ruff_linter/src/rules/flake8_quotes/mod.rs
[2026-04-15T00:44:58Z] [iter=14] HEARTBEAT target_type=call_site elapsed_min=145.0 files_done=71 resolved=746 errors=1804 current=crates/ruff_linter/src/rules/flake8_boolean_trap/rules/boolean_type_hint_positional_argument.rs
[2026-04-15T00:47:39Z] [iter=14] HEARTBEAT target_type=call_site elapsed_min=147.7 files_done=72 resolved=747 errors=1839 current=crates/ruff_linter/src/rules/flake8_comprehensions/rules/unnecessary_list_comprehension_set.rs
[2026-04-15T00:50:11Z] [iter=14] HEARTBEAT target_type=call_site elapsed_min=150.3 files_done=73 resolved=748 errors=1872 current=crates/ruff_linter/src/rules/numpy/rules/deprecated_function.rs
[2026-04-15T00:51:44Z] [iter=14] HEARTBEAT target_type=call_site elapsed_min=151.8 files_done=74 resolved=757 errors=1892 current=crates/ruff_linter/src/rules/flake8_pytest_style/rules/marks.rs
[2026-04-15T00:54:13Z] [iter=14] HEARTBEAT target_type=call_site elapsed_min=154.3 files_done=75 resolved=759 errors=1924 current=crates/ruff_linter/src/rules/isort/types.rs
[2026-04-15T00:54:50Z] [iter=14] HEARTBEAT target_type=call_site elapsed_min=154.9 files_done=76 resolved=763 errors=1932 current=crates/ruff_python_formatter/src/main.rs
[2026-04-15T00:55:28Z] [iter=14] HEARTBEAT target_type=call_site elapsed_min=155.5 files_done=77 resolved=786 errors=1940 current=crates/ruff_linter/src/rules/flake8_comprehensions/rules/unnecessary_list_call.rs
[2026-04-15T00:56:23Z] [iter=14] HEARTBEAT target_type=call_site elapsed_min=156.5 files_done=78 resolved=787 errors=1952 current=crates/ruff_linter/src/rules/pylint/rules/compare_to_empty_string.rs
[2026-04-15T00:57:59Z] [iter=14] HEARTBEAT target_type=call_site elapsed_min=158.1 files_done=79 resolved=803 errors=1973 current=crates/ruff_linter/src/rules/pycodestyle/rules/logical_lines/missing_whitespace_after_keyword.rs
[2026-04-15T00:59:09Z] [iter=14] HEARTBEAT target_type=call_site elapsed_min=159.2 files_done=80 resolved=807 errors=1988 current=crates/ruff_linter/src/rules/flake8_django/rules/helpers.rs
[2026-04-15T00:59:55Z] [iter=14] HEARTBEAT target_type=call_site elapsed_min=160.0 files_done=81 resolved=811 errors=1998 current=crates/ruff_python_formatter/src/expression/expr_yield.rs
[2026-04-15T01:01:36Z] [iter=14] HEARTBEAT target_type=call_site elapsed_min=161.7 files_done=82 resolved=818 errors=2020 current=crates/ruff_linter/src/rules/pylint/rules/no_method_decorator.rs
[2026-04-15T01:04:48Z] [iter=14] HEARTBEAT target_type=call_site elapsed_min=164.9 files_done=83 resolved=825 errors=2061 current=crates/ruff_server/src/edit/replacement.rs
[2026-04-15T01:07:03Z] [iter=14] HEARTBEAT target_type=call_site elapsed_min=167.1 files_done=84 resolved=826 errors=2090 current=crates/ruff_python_trivia/src/cursor.rs
[2026-04-15T01:07:40Z] [iter=14] HEARTBEAT target_type=call_site elapsed_min=167.7 files_done=85 resolved=852 errors=2098 current=crates/ruff_diagnostics/src/fix.rs
[2026-04-15T01:09:12Z] [iter=14] HEARTBEAT target_type=call_site elapsed_min=169.3 files_done=86 resolved=870 errors=2118 current=crates/ruff_linter/src/rules/flake8_type_checking/rules/runtime_string_union.rs
[2026-04-15T01:10:12Z] [iter=14] HEARTBEAT target_type=call_site elapsed_min=170.3 files_done=87 resolved=872 errors=2131 current=crates/ruff_python_formatter/src/expression/expr_bytes_literal.rs
[2026-04-15T01:10:59Z] [iter=14] HEARTBEAT target_type=call_site elapsed_min=171.1 files_done=88 resolved=873 errors=2141 current=crates/ruff_linter/src/rules/flake8_bandit/rules/flask_debug_true.rs
[2026-04-15T01:11:44Z] [iter=14] HEARTBEAT target_type=call_site elapsed_min=171.8 files_done=89 resolved=875 errors=2151 current=crates/ruff_linter/src/rules/pylint/rules/if_stmt_min_max.rs
[2026-04-15T01:13:35Z] [iter=14] HEARTBEAT target_type=call_site elapsed_min=173.7 files_done=90 resolved=883 errors=2175 current=crates/ruff/src/commands/format_stdin.rs
[2026-04-15T01:17:16Z] [iter=14] HEARTBEAT target_type=call_site elapsed_min=177.3 files_done=91 resolved=900 errors=2223 current=crates/ruff_linter/src/rules/pylint/rules/import_self.rs
[2026-04-15T01:18:21Z] [iter=14] HEARTBEAT target_type=call_site elapsed_min=178.4 files_done=92 resolved=905 errors=2237 current=crates/ruff_linter/src/rules/flake8_comprehensions/rules/unnecessary_comprehension_in_call.rs
[2026-04-15T01:19:20Z] [iter=14] HEARTBEAT target_type=call_site elapsed_min=179.4 files_done=93 resolved=909 errors=2250 current=crates/ruff_linter/src/rules/ruff/rules/unused_noqa.rs
[2026-04-15T01:20:02Z] [iter=14] HEARTBEAT target_type=call_site elapsed_min=180.1 files_done=94 resolved=917 errors=2259 current=crates/ruff_linter/src/rules/flake8_logging/rules/exception_without_exc_info.rs
[2026-04-15T01:21:20Z] [iter=14] HEARTBEAT target_type=call_site elapsed_min=181.4 files_done=95 resolved=921 errors=2276 current=crates/ruff_linter/src/rules/pylint/rules/iteration_over_set.rs
[2026-04-15T01:22:24Z] [iter=14] HEARTBEAT target_type=call_site elapsed_min=182.5 files_done=96 resolved=925 errors=2290 current=crates/ruff_linter/src/rules/pep8_naming/rules/invalid_argument_name.rs
[2026-04-15T01:24:20Z] [iter=14] HEARTBEAT target_type=call_site elapsed_min=184.4 files_done=99 resolved=943 errors=2315 current=crates/ruff_index/src/vec.rs
[2026-04-15T01:25:06Z] [iter=14] HEARTBEAT target_type=call_site elapsed_min=185.2 files_done=100 resolved=956 errors=2325 current=crates/ruff_python_ast/src/int.rs
[2026-04-15T01:26:29Z] [iter=14] HEARTBEAT target_type=call_site elapsed_min=186.6 files_done=101 resolved=983 errors=2343 current=crates/ruff_linter/src/rules/flake8_trio/rules/unneeded_sleep.rs
[2026-04-15T01:27:24Z] [iter=14] HEARTBEAT target_type=call_site elapsed_min=187.5 files_done=102 resolved=985 errors=2355 current=crates/ruff_linter/src/rules/flake8_simplify/rules/ast_unary_op.rs
[2026-04-15T01:33:09Z] [iter=14] HEARTBEAT target_type=call_site elapsed_min=193.2 files_done=103 resolved=1002 errors=2430 current=crates/red_knot/src/hir.rs
[2026-04-15T01:34:10Z] [iter=14] HEARTBEAT target_type=call_site elapsed_min=194.2 files_done=105 resolved=1015 errors=2443 current=crates/ruff_linter/src/rules/pyupgrade/rules/datetime_utc_alias.rs
[2026-04-15T01:35:20Z] [iter=14] HEARTBEAT target_type=call_site elapsed_min=195.4 files_done=106 resolved=1019 errors=2458 current=crates/ruff_python_parser/src/lexer/indentation.rs
[2026-04-15T01:36:47Z] [iter=14] HEARTBEAT target_type=call_site elapsed_min=196.9 files_done=107 resolved=1035 errors=2477 current=crates/ruff_python_formatter/src/expression/expr_named.rs
[2026-04-15T01:38:29Z] [iter=14] HEARTBEAT target_type=call_site elapsed_min=198.6 files_done=108 resolved=1035 errors=2499 current=crates/ruff_linter/src/rules/isort/settings.rs
[2026-04-15T01:39:01Z] [iter=14] HEARTBEAT target_type=call_site elapsed_min=199.1 files_done=109 resolved=1056 errors=2506 current=crates/ruff_linter/src/rules/flake8_pyi/rules/redundant_literal_union.rs
[2026-04-15T01:41:10Z] [iter=14] HEARTBEAT target_type=call_site elapsed_min=201.2 files_done=110 resolved=1062 errors=2534 current=crates/ruff_linter/src/rules/flake8_comprehensions/rules/unnecessary_literal_within_dict_call.rs
[2026-04-15T01:42:28Z] [iter=14] HEARTBEAT target_type=call_site elapsed_min=202.5 files_done=111 resolved=1063 errors=2551 current=crates/ruff_linter/src/rules/flake8_bugbear/rules/re_sub_positional_args.rs
[2026-04-15T01:43:37Z] [iter=14] HEARTBEAT target_type=call_site elapsed_min=203.7 files_done=112 resolved=1067 errors=2566 current=crates/ruff_python_formatter/src/options.rs
[2026-04-15T01:45:24Z] [iter=14] HEARTBEAT target_type=call_site elapsed_min=205.5 files_done=113 resolved=1098 errors=2589 current=crates/ruff_linter/src/rules/flake8_boolean_trap/helpers.rs
[2026-04-15T01:46:47Z] [iter=14] HEARTBEAT target_type=call_site elapsed_min=206.9 files_done=114 resolved=1100 errors=2607 current=crates/ruff_linter/src/rules/flake8_unused_arguments/mod.rs
[2026-04-15T01:47:29Z] [iter=14] HEARTBEAT target_type=call_site elapsed_min=207.6 files_done=115 resolved=1111 errors=2616 current=crates/ruff_linter/src/rules/flake8_pyi/mod.rs
[2026-04-15T01:49:29Z] [iter=14] HEARTBEAT target_type=call_site elapsed_min=209.6 files_done=117 resolved=1126 errors=2642 current=crates/ruff_linter/src/rules/pylint/rules/comparison_with_itself.rs
[2026-04-15T01:50:38Z] [iter=14] HEARTBEAT target_type=call_site elapsed_min=210.7 files_done=118 resolved=1135 errors=2657 current=crates/ruff_linter/src/rules/pylint/rules/comparison_of_constant.rs
[2026-04-15T01:51:24Z] [iter=14] HEARTBEAT target_type=call_site elapsed_min=211.5 files_done=119 resolved=1140 errors=2667 current=crates/ruff_linter/src/rules/pylint/rules/non_ascii_module_import.rs
[2026-04-15T01:52:19Z] [iter=14] HEARTBEAT target_type=call_site elapsed_min=212.4 files_done=120 resolved=1142 errors=2679 current=crates/ruff_linter/src/rules/flake8_datetimez/rules/call_date_fromtimestamp.rs
[2026-04-15T01:52:51Z] [iter=14] HEARTBEAT target_type=call_site elapsed_min=212.9 files_done=121 resolved=1145 errors=2686 current=crates/ruff_linter/src/rules/refurb/rules/if_expr_min_max.rs
[2026-04-15T01:54:59Z] [iter=14] HEARTBEAT target_type=call_site elapsed_min=215.1 files_done=122 resolved=1154 errors=2714 current=crates/ruff_linter/src/rules/pyflakes/rules/if_tuple.rs
[2026-04-15T01:58:16Z] [iter=14] HEARTBEAT target_type=call_site elapsed_min=218.3 files_done=124 resolved=1165 errors=2757 current=crates/ruff_linter/src/rules/flake8_comprehensions/rules/unnecessary_literal_within_tuple_call.rs
[2026-04-15T02:00:20Z] [iter=14] HEARTBEAT target_type=call_site elapsed_min=220.4 files_done=125 resolved=1167 errors=2784 current=crates/ruff_linter/src/rules/flake8_pyi/rules/numeric_literal_too_long.rs
[2026-04-15T02:01:06Z] [iter=14] HEARTBEAT target_type=call_site elapsed_min=221.2 files_done=126 resolved=1168 errors=2794 current=crates/ruff_linter/src/rules/flake8_boolean_trap/rules/boolean_positional_value_in_call.rs
[2026-04-15T02:01:38Z] [iter=14] HEARTBEAT target_type=call_site elapsed_min=221.7 files_done=127 resolved=1169 errors=2801 current=crates/ruff_linter/src/rules/pycodestyle/rules/logical_lines/whitespace_around_keywords.rs
[2026-04-15T02:04:37Z] [iter=14] HEARTBEAT target_type=call_site elapsed_min=224.7 files_done=128 resolved=1177 errors=2840 current=crates/ruff_dev/src/generate_cli_help.rs
[2026-04-15T02:07:00Z] [iter=14] HEARTBEAT target_type=call_site elapsed_min=227.1 files_done=129 resolved=1196 errors=2871 current=crates/ruff_python_formatter/src/module/mod.rs
[2026-04-15T02:09:18Z] [iter=14] HEARTBEAT target_type=call_site elapsed_min=229.4 files_done=131 resolved=1204 errors=2901 current=crates/ruff_linter/src/rules/refurb/rules/bit_count.rs
[2026-04-15T02:11:13Z] [iter=14] HEARTBEAT target_type=call_site elapsed_min=231.3 files_done=132 resolved=1210 errors=2926 current=crates/ruff_linter/src/rules/flake8_slots/rules/helpers.rs
[2026-04-15T02:13:27Z] [iter=14] HEARTBEAT target_type=call_site elapsed_min=233.5 files_done=134 resolved=1213 errors=2955 current=crates/ruff_linter/src/message/sarif.rs
[2026-04-15T02:15:37Z] [iter=14] HEARTBEAT target_type=call_site elapsed_min=235.7 files_done=135 resolved=1232 errors=2983 current=crates/ruff_linter/src/rules/refurb/rules/isinstance_type_none.rs
[2026-04-15T02:17:37Z] [iter=14] HEARTBEAT target_type=call_site elapsed_min=237.7 files_done=136 resolved=1235 errors=3009 current=crates/ruff_linter/src/rules/flake8_logging/mod.rs
[2026-04-15T02:18:42Z] [iter=14] HEARTBEAT target_type=call_site elapsed_min=238.8 files_done=138 resolved=1243 errors=3023 current=crates/ruff_benchmark/benches/lexer.rs
[2026-04-15T02:19:42Z] [iter=14] HEARTBEAT target_type=call_site elapsed_min=239.8 files_done=139 resolved=1250 errors=3036 current=crates/ruff_linter/src/rules/ruff/rules/unnecessary_key_check.rs
[2026-04-15T02:20:19Z] [iter=14] CHECKPOINT TRIGGERED elapsed_min=240.4 files_completed=752 new_files_this_iter=139 mem_mb=2712 MB
[2026-04-15T02:20:19Z] [iter=14] Writing partial enrichment graph path=/home/runner/work/forx/forx/storage/aggregate/lsp/b54922fd7394c36cdc390fd21aaee99206ebc361.nq.gz triples=355346
[2026-04-15T02:20:27Z] [iter=14] Checkpoint written, exiting with code 7
[2026-04-15T02:20:27Z] [iter=14] PHASE END: enrich (checkpointed) elapsed_s=14423 elapsed_min=240.4 files_completed=752
