[2026-04-14T01:41:14Z] === ENRICH ITERATION 9 START | repo=astral-sh/ruff sha=b54922fd ===
[2026-04-14T01:41:14Z] [iter=9] PHASE START: enrich repo=astral-sh/ruff sha=b54922fd runlog=/home/runner/work/forx/forx/storage/aggregate/lsp/logs/b54922fd-enrich-iter-009.log output=/home/runner/work/forx/forx/storage/aggregate/lsp/b54922fd7394c36cdc390fd21aaee99206ebc361.nq.gz
[2026-04-14T01:41:14Z] [iter=9] Step 1: Loading AST into disk-backed store mem_mb=77 MB
[2026-04-14T01:43:22Z] [iter=9] AST store loaded triples=11609282 load_secs=124 mem_mb=1087 MB
[2026-04-14T01:43:22Z] [iter=9] Step 2: Finding LSP targets mem_mb=1087 MB
[2026-04-14T01:43:45Z] [iter=9] LSP targets found call_sites=82537 imports=7864 extends=425 implements=349 secs=23
[2026-04-14T01:43:54Z] [iter=9] Loaded checkpoint partial graph triples=215475
[2026-04-14T01:44:14Z] [iter=9] Step 2.7: Building position index (one-shot, shared across resolvers) mem_mb=1087 MB
[2026-04-14T01:45:31Z] [iter=9] Position index built positions=795749 nodes_with_types=974884 secs=77 mem_mb=2476 MB
[2026-04-14T01:45:31Z] [iter=9] Step 3: Starting LSP resolution mem_mb=2476 MB already_completed_types=[] already_completed_files=235
[2026-04-14T01:45:31Z] [iter=9] Resolving target type target_type=call_site count=82537
[2026-04-14T01:46:46Z] [iter=9] HEARTBEAT target_type=call_site elapsed_min=5.5 files_done=0 resolved=0 errors=0 current=crates/ruff_linter/src/test.rs
[2026-04-14T01:56:59Z] [iter=9] HEARTBEAT target_type=call_site elapsed_min=15.7 files_done=1 resolved=3 errors=123 current=crates/ruff_linter/src/rules/flake8_trio/method_name.rs
[2026-04-14T02:00:59Z] [iter=9] HEARTBEAT target_type=call_site elapsed_min=19.8 files_done=3 resolved=69 errors=175 current=crates/ruff_linter/src/rules/flake8_simplify/rules/collapsible_if.rs
[2026-04-14T02:07:23Z] [iter=9] HEARTBEAT target_type=call_site elapsed_min=26.1 files_done=4 resolved=100 errors=258 current=crates/ruff_index/src/slice.rs
[2026-04-14T02:08:55Z] [iter=9] HEARTBEAT target_type=call_site elapsed_min=27.7 files_done=5 resolved=123 errors=278 current=crates/ruff_linter/src/rules/isort/order.rs
[2026-04-14T02:12:36Z] [iter=9] HEARTBEAT target_type=call_site elapsed_min=31.4 files_done=6 resolved=127 errors=326 current=crates/ruff_linter/src/rules/ruff/rules/sort_dunder_all.rs
[2026-04-14T02:14:31Z] [iter=9] HEARTBEAT target_type=call_site elapsed_min=33.3 files_done=7 resolved=131 errors=351 current=crates/ruff_python_formatter/src/expression/parentheses.rs
[2026-04-14T02:19:44Z] [iter=9] HEARTBEAT target_type=call_site elapsed_min=38.5 files_done=8 resolved=145 errors=419 current=crates/ruff_db/src/vfs.rs
[2026-04-14T02:27:16Z] [iter=9] HEARTBEAT target_type=call_site elapsed_min=46.0 files_done=9 resolved=176 errors=517 current=crates/ruff_server/src/edit/notebook.rs
[2026-04-14T02:29:49Z] [iter=9] HEARTBEAT target_type=call_site elapsed_min=48.6 files_done=10 resolved=209 errors=550 current=crates/ruff_python_parser/src/parser/recovery.rs
[2026-04-14T02:33:40Z] [iter=9] HEARTBEAT target_type=call_site elapsed_min=52.4 files_done=11 resolved=219 errors=600 current=crates/ruff_server/src/server/connection.rs
[2026-04-14T02:35:25Z] [iter=9] HEARTBEAT target_type=call_site elapsed_min=54.2 files_done=13 resolved=289 errors=622 current=crates/ruff_linter/src/rules/pyupgrade/rules/convert_named_tuple_functional_to_class.rs
[2026-04-14T02:39:48Z] [iter=9] HEARTBEAT target_type=call_site elapsed_min=58.6 files_done=14 resolved=307 errors=679 current=crates/ruff_linter/src/rules/pylint/rules/useless_return.rs
[2026-04-14T02:41:36Z] [iter=9] HEARTBEAT target_type=call_site elapsed_min=60.4 files_done=15 resolved=310 errors=702 current=crates/ruff_linter/src/rules/pyupgrade/rules/yield_in_for_loop.rs
[2026-04-14T02:45:45Z] [iter=9] HEARTBEAT target_type=call_site elapsed_min=64.5 files_done=16 resolved=313 errors=756 current=crates/ruff_linter/src/rules/flake8_executable/rules/shebang_leading_whitespace.rs
[2026-04-14T02:46:44Z] [iter=9] HEARTBEAT target_type=call_site elapsed_min=65.5 files_done=17 resolved=317 errors=769 current=crates/ruff_linter/src/rules/pyupgrade/rules/unnecessary_coding_comment.rs
[2026-04-14T02:48:41Z] [iter=9] HEARTBEAT target_type=call_site elapsed_min=67.5 files_done=18 resolved=321 errors=794 current=crates/ruff_server/src/session/index.rs
[2026-04-14T02:55:23Z] [iter=9] HEARTBEAT target_type=call_site elapsed_min=74.1 files_done=19 resolved=437 errors=881 current=crates/ruff_linter/src/rules/pyupgrade/rules/f_strings.rs
[2026-04-14T03:07:06Z] [iter=9] HEARTBEAT target_type=call_site elapsed_min=85.9 files_done=20 resolved=471 errors=1034 current=crates/ruff_macros/src/map_codes.rs
[2026-04-14T03:14:44Z] [iter=9] HEARTBEAT target_type=call_site elapsed_min=93.5 files_done=21 resolved=531 errors=1133 current=crates/ruff_python_formatter/src/expression/expr_compare.rs
[2026-04-14T03:16:03Z] [iter=9] HEARTBEAT target_type=call_site elapsed_min=94.8 files_done=22 resolved=533 errors=1150 current=crates/ruff_python_parser/src/lexer/fstring.rs
[2026-04-14T03:18:53Z] [iter=9] HEARTBEAT target_type=call_site elapsed_min=97.6 files_done=24 resolved=558 errors=1187 current=crates/ruff/src/commands/check.rs
[2026-04-14T03:24:39Z] [iter=9] HEARTBEAT target_type=call_site elapsed_min=103.4 files_done=25 resolved=593 errors=1261 current=crates/ruff/tests/integration_test.rs
[2026-04-14T03:45:56Z] [iter=9] HEARTBEAT target_type=call_site elapsed_min=124.7 files_done=26 resolved=726 errors=1534 current=crates/ruff_linter/src/rules/pyupgrade/rules/format_literals.rs
[2026-04-14T03:50:27Z] [iter=9] HEARTBEAT target_type=call_site elapsed_min=129.2 files_done=27 resolved=741 errors=1592 current=crates/ruff_linter/src/rules/pycodestyle/rules/tab_indentation.rs
[2026-04-14T03:52:02Z] [iter=9] HEARTBEAT target_type=call_site elapsed_min=130.8 files_done=28 resolved=744 errors=1612 current=crates/ruff_linter/src/rules/flake8_pytest_style/rules/assertion.rs
[2026-04-14T04:03:33Z] [iter=9] HEARTBEAT target_type=call_site elapsed_min=142.3 files_done=29 resolved=800 errors=1760 current=crates/ruff_linter/src/rules/pycodestyle/rules/logical_lines/mod.rs
[2026-04-14T04:10:36Z] [iter=9] HEARTBEAT target_type=call_site elapsed_min=149.4 files_done=30 resolved=846 errors=1851 current=crates/ruff_linter/src/rules/refurb/rules/if_exp_instead_of_or_operator.rs
[2026-04-14T04:11:59Z] [iter=9] HEARTBEAT target_type=call_site elapsed_min=150.8 files_done=31 resolved=855 errors=1869 current=crates/ruff_formatter/src/printer/call_stack.rs
[2026-04-14T04:13:00Z] [iter=9] HEARTBEAT target_type=call_site elapsed_min=151.8 files_done=32 resolved=877 errors=1882 current=crates/ruff_source_file/src/lib.rs
[2026-04-14T04:14:00Z] [iter=9] HEARTBEAT target_type=call_site elapsed_min=152.8 files_done=33 resolved=905 errors=1895 current=crates/ruff_python_ast/src/visitor/transformer.rs
[2026-04-14T04:28:07Z] [iter=9] HEARTBEAT target_type=call_site elapsed_min=166.9 files_done=34 resolved=905 errors=2076 current=crates/ruff_linter/src/rules/pycodestyle/rules/lambda_assignment.rs
[2026-04-14T04:35:22Z] [iter=9] HEARTBEAT target_type=call_site elapsed_min=174.1 files_done=35 resolved=924 errors=2169 current=crates/ruff_linter/src/rules/pydocstyle/rules/ends_with_punctuation.rs
[2026-04-14T04:37:37Z] [iter=9] HEARTBEAT target_type=call_site elapsed_min=176.4 files_done=36 resolved=925 errors=2198 current=crates/ruff_linter/src/rules/flake8_bugbear/rules/duplicate_exceptions.rs
[2026-04-14T04:41:55Z] [iter=9] HEARTBEAT target_type=call_site elapsed_min=180.7 files_done=37 resolved=935 errors=2253 current=crates/ruff_notebook/src/notebook.rs
[2026-04-14T04:49:11Z] [iter=9] HEARTBEAT target_type=call_site elapsed_min=188.0 files_done=38 resolved=1003 errors=2346 current=crates/ruff_linter/src/rules/flake8_type_checking/rules/typing_only_runtime_import.rs
[2026-04-14T04:58:41Z] [iter=9] HEARTBEAT target_type=call_site elapsed_min=197.4 files_done=39 resolved=1016 errors=2468 current=crates/ruff_linter/src/message/json.rs
[2026-04-14T05:01:40Z] [iter=9] HEARTBEAT target_type=call_site elapsed_min=200.4 files_done=40 resolved=1036 errors=2506 current=crates/ruff_python_trivia/src/textwrap.rs
[2026-04-14T05:05:20Z] [iter=9] HEARTBEAT target_type=call_site elapsed_min=204.1 files_done=41 resolved=1062 errors=2553 current=crates/ruff_linter/src/rules/ruff/rules/pairwise_over_zipped.rs
[2026-04-14T05:06:40Z] [iter=9] HEARTBEAT target_type=call_site elapsed_min=205.4 files_done=42 resolved=1067 errors=2570 current=crates/ruff_linter/src/rules/pylint/rules/unspecified_encoding.rs
[2026-04-14T05:12:05Z] [iter=9] HEARTBEAT target_type=call_site elapsed_min=210.8 files_done=43 resolved=1078 errors=2640 current=crates/ruff_python_formatter/src/expression/expr_slice.rs
[2026-04-14T05:20:18Z] [iter=9] HEARTBEAT target_type=call_site elapsed_min=219.1 files_done=44 resolved=1088 errors=2746 current=crates/ruff_linter/src/rules/flake8_type_checking/rules/runtime_import_in_type_checking_block.rs
[2026-04-14T05:29:26Z] [iter=9] HEARTBEAT target_type=call_site elapsed_min=228.2 files_done=45 resolved=1096 errors=2864 current=crates/ruff_python_formatter/src/expression/expr_call.rs
[2026-04-14T05:32:56Z] [iter=9] HEARTBEAT target_type=call_site elapsed_min=231.7 files_done=46 resolved=1102 errors=2909 current=crates/ruff_linter/src/rules/ruff/rules/implicit_optional.rs
[2026-04-14T05:37:12Z] [iter=9] HEARTBEAT target_type=call_site elapsed_min=236.0 files_done=47 resolved=1111 errors=2964 current=crates/ruff_linter/src/docstrings/sections.rs
[2026-04-14T05:41:15Z] [iter=9] CHECKPOINT TRIGGERED elapsed_min=240.0 files_completed=282 new_files_this_iter=47 mem_mb=2484 MB
[2026-04-14T05:41:15Z] [iter=9] Writing partial enrichment graph path=/home/runner/work/forx/forx/storage/aggregate/lsp/b54922fd7394c36cdc390fd21aaee99206ebc361.nq.gz triples=237339
[2026-04-14T05:41:20Z] [iter=9] Checkpoint written, exiting with code 7
[2026-04-14T05:41:20Z] [iter=9] PHASE END: enrich (checkpointed) elapsed_s=14401 elapsed_min=240.0 files_completed=282
