[2026-04-14T18:11:32Z] === ENRICH ITERATION 13 START | repo=astral-sh/ruff sha=b54922fd ===
[2026-04-14T18:11:32Z] [iter=13] PHASE START: enrich repo=astral-sh/ruff sha=b54922fd runlog=/home/runner/work/forx/forx/storage/aggregate/lsp/logs/b54922fd-enrich-iter-013.log output=/home/runner/work/forx/forx/storage/aggregate/lsp/b54922fd7394c36cdc390fd21aaee99206ebc361.nq.gz
[2026-04-14T18:11:32Z] [iter=13] Step 1: Loading AST into disk-backed store mem_mb=77 MB
[2026-04-14T18:18:19Z] [iter=13] AST store loaded triples=11609282 load_secs=403 mem_mb=985 MB
[2026-04-14T18:18:19Z] [iter=13] Step 2: Finding LSP targets mem_mb=985 MB
[2026-04-14T18:18:40Z] [iter=13] LSP targets found call_sites=82537 imports=7864 extends=425 implements=349 secs=21
[2026-04-14T18:18:51Z] [iter=13] Loaded checkpoint partial graph triples=306359
[2026-04-14T18:19:10Z] [iter=13] Step 2.7: Building position index (one-shot, shared across resolvers) mem_mb=1070 MB
[2026-04-14T18:20:11Z] [iter=13] Position index built positions=795749 nodes_with_types=974884 secs=61 mem_mb=2533 MB
[2026-04-14T18:20:11Z] [iter=13] Step 3: Starting LSP resolution mem_mb=2533 MB already_completed_types=[] already_completed_files=482
[2026-04-14T18:20:11Z] [iter=13] Resolving target type target_type=call_site count=82537
[2026-04-14T18:21:18Z] [iter=13] HEARTBEAT target_type=call_site elapsed_min=9.8 files_done=0 resolved=0 errors=0 current=crates/ruff_linter/src/rules/pyflakes/cformat.rs
[2026-04-14T18:22:56Z] [iter=13] HEARTBEAT target_type=call_site elapsed_min=11.4 files_done=1 resolved=16 errors=16 current=crates/ruff_linter/src/rules/refurb/rules/verbose_decimal_constructor.rs
[2026-04-14T18:25:08Z] [iter=13] HEARTBEAT target_type=call_site elapsed_min=13.6 files_done=2 resolved=22 errors=52 current=crates/ruff_linter/src/rules/flake8_simplify/rules/reimplemented_builtin.rs
[2026-04-14T18:30:35Z] [iter=13] HEARTBEAT target_type=call_site elapsed_min=19.1 files_done=3 resolved=39 errors=142 current=crates/ruff_linter/src/rules/pandas_vet/rules/inplace_argument.rs
[2026-04-14T18:32:42Z] [iter=13] HEARTBEAT target_type=call_site elapsed_min=21.2 files_done=4 resolved=45 errors=177 current=crates/ruff_linter/src/rules/ruff/rules/sort_dunder_slots.rs
[2026-04-14T18:35:22Z] [iter=13] HEARTBEAT target_type=call_site elapsed_min=23.8 files_done=5 resolved=69 errors=221 current=crates/ruff_linter/src/rules/pydocstyle/rules/starts_with_this.rs
[2026-04-14T18:35:56Z] [iter=13] HEARTBEAT target_type=call_site elapsed_min=24.4 files_done=6 resolved=70 errors=230 current=crates/ruff_linter/src/message/json_lines.rs
[2026-04-14T18:39:21Z] [iter=13] HEARTBEAT target_type=call_site elapsed_min=27.8 files_done=8 resolved=82 errors=286 current=crates/ruff_linter/src/rules/flake8_implicit_str_concat/mod.rs
[2026-04-14T18:40:45Z] [iter=13] HEARTBEAT target_type=call_site elapsed_min=29.2 files_done=10 resolved=96 errors=309 current=crates/ruff_linter/src/rules/pylint/rules/collapsible_else_if.rs
[2026-04-14T18:42:12Z] [iter=13] HEARTBEAT target_type=call_site elapsed_min=30.7 files_done=11 resolved=104 errors=333 current=crates/ruff_python_formatter/src/expression/expr_list_comp.rs
[2026-04-14T18:42:56Z] [iter=13] HEARTBEAT target_type=call_site elapsed_min=31.4 files_done=12 resolved=104 errors=345 current=crates/ruff_linter/src/comments/shebang.rs
[2026-04-14T18:43:44Z] [iter=13] HEARTBEAT target_type=call_site elapsed_min=32.2 files_done=14 resolved=116 errors=358 current=crates/ruff_linter/src/rules/refurb/rules/unnecessary_from_float.rs
[2026-04-14T18:45:40Z] [iter=13] HEARTBEAT target_type=call_site elapsed_min=34.1 files_done=15 resolved=122 errors=390 current=crates/ruff_linter/src/rules/flake8_async/rules/blocking_http_call.rs
[2026-04-14T18:46:16Z] [iter=13] HEARTBEAT target_type=call_site elapsed_min=34.7 files_done=16 resolved=124 errors=400 current=crates/ruff_linter/src/upstream_categories.rs
[2026-04-14T18:47:57Z] [iter=13] HEARTBEAT target_type=call_site elapsed_min=36.4 files_done=18 resolved=143 errors=427 current=crates/ruff_python_trivia_integration_tests/tests/block_comments.rs
[2026-04-14T18:50:04Z] [iter=13] HEARTBEAT target_type=call_site elapsed_min=38.5 files_done=19 resolved=150 errors=462 current=crates/ruff_linter/src/rules/ruff/rules/missing_fstring_syntax.rs
[2026-04-14T18:52:49Z] [iter=13] HEARTBEAT target_type=call_site elapsed_min=41.3 files_done=20 resolved=157 errors=507 current=crates/ruff_linter/src/rules/pyupgrade/rules/timeout_error_alias.rs
[2026-04-14T18:56:15Z] [iter=13] HEARTBEAT target_type=call_site elapsed_min=44.7 files_done=21 resolved=167 errors=564 current=crates/ruff_linter/src/rules/perflint/rules/manual_dict_comprehension.rs
[2026-04-14T18:58:00Z] [iter=13] HEARTBEAT target_type=call_site elapsed_min=46.5 files_done=22 resolved=169 errors=593 current=crates/ruff_linter/src/rules/refurb/rules/slice_copy.rs
[2026-04-14T18:59:20Z] [iter=13] HEARTBEAT target_type=call_site elapsed_min=47.8 files_done=23 resolved=173 errors=615 current=crates/ruff/src/commands/clean.rs
[2026-04-14T19:10:01Z] [iter=13] HEARTBEAT target_type=call_site elapsed_min=58.5 files_done=25 resolved=287 errors=781 current=crates/ruff_server/src/edit/text_document.rs
[2026-04-14T19:10:42Z] [iter=13] HEARTBEAT target_type=call_site elapsed_min=59.2 files_done=26 resolved=299 errors=792 current=crates/ruff_benchmark/src/lib.rs
[2026-04-14T19:11:40Z] [iter=13] HEARTBEAT target_type=call_site elapsed_min=60.1 files_done=27 resolved=327 errors=807 current=crates/ruff_linter/src/rules/pylint/rules/bad_str_strip_call.rs
[2026-04-14T19:12:29Z] [iter=13] HEARTBEAT target_type=call_site elapsed_min=61.0 files_done=28 resolved=339 errors=819 current=crates/ruff_linter/src/rules/pep8_naming/mod.rs
[2026-04-14T19:13:21Z] [iter=13] HEARTBEAT target_type=call_site elapsed_min=61.8 files_done=29 resolved=361 errors=833 current=crates/ruff_linter/src/rules/flake8_pyi/rules/collections_named_tuple.rs
[2026-04-14T19:14:00Z] [iter=13] HEARTBEAT target_type=call_site elapsed_min=62.5 files_done=30 resolved=365 errors=841 current=crates/ruff_python_formatter/src/other/f_string_part.rs
[2026-04-14T19:21:03Z] [iter=13] HEARTBEAT target_type=call_site elapsed_min=69.5 files_done=32 resolved=428 errors=951 current=crates/ruff_linter/src/rules/flake8_annotations/mod.rs
[2026-04-14T19:23:02Z] [iter=13] HEARTBEAT target_type=call_site elapsed_min=71.5 files_done=33 resolved=465 errors=984 current=crates/ruff_linter/src/rules/pylint/rules/unnecessary_list_index_lookup.rs
[2026-04-14T19:25:08Z] [iter=13] HEARTBEAT target_type=call_site elapsed_min=73.6 files_done=34 resolved=468 errors=1019 current=crates/ruff_linter/src/rules/pylint/rules/repeated_isinstance_calls.rs
[2026-04-14T19:27:16Z] [iter=13] HEARTBEAT target_type=call_site elapsed_min=75.7 files_done=35 resolved=477 errors=1054 current=crates/ruff_python_formatter/src/statement/mod.rs
[2026-04-14T19:30:57Z] [iter=13] HEARTBEAT target_type=call_site elapsed_min=79.4 files_done=36 resolved=479 errors=1114 current=crates/ruff_linter/src/rules/flake8_pyi/rules/duplicate_literal_member.rs
[2026-04-14T19:31:33Z] [iter=13] HEARTBEAT target_type=call_site elapsed_min=80.0 files_done=37 resolved=482 errors=1124 current=crates/ruff_linter/src/rules/flake8_comprehensions/mod.rs
[2026-04-14T19:32:06Z] [iter=13] HEARTBEAT target_type=call_site elapsed_min=80.6 files_done=38 resolved=497 errors=1133 current=crates/ruff_linter/src/rules/pydocstyle/rules/blank_before_after_class.rs
[2026-04-14T19:37:52Z] [iter=13] HEARTBEAT target_type=call_site elapsed_min=86.3 files_done=39 resolved=500 errors=1228 current=crates/ruff_diagnostics/src/edit.rs
[2026-04-14T19:39:34Z] [iter=13] HEARTBEAT target_type=call_site elapsed_min=88.0 files_done=41 resolved=531 errors=1256 current=crates/ruff_linter/src/rules/flake8_bugbear/rules/zip_without_explicit_strict.rs
[2026-04-14T19:41:22Z] [iter=13] HEARTBEAT target_type=call_site elapsed_min=89.8 files_done=42 resolved=532 errors=1286 current=crates/ruff_linter/src/rules/refurb/rules/print_empty_string.rs
[2026-04-14T19:45:30Z] [iter=13] HEARTBEAT target_type=call_site elapsed_min=94.0 files_done=43 resolved=539 errors=1354 current=crates/ruff_linter/src/rules/flake8_django/mod.rs
[2026-04-14T19:46:50Z] [iter=13] HEARTBEAT target_type=call_site elapsed_min=95.3 files_done=45 resolved=600 errors=1376 current=crates/ruff_linter/src/rules/flake8_boolean_trap/rules/boolean_default_value_positional_argument.rs
[2026-04-14T19:47:48Z] [iter=13] HEARTBEAT target_type=call_site elapsed_min=96.3 files_done=46 resolved=601 errors=1392 current=crates/ruff_linter/src/rules/pylint/rules/property_with_parameters.rs
[2026-04-14T19:49:38Z] [iter=13] HEARTBEAT target_type=call_site elapsed_min=98.1 files_done=48 resolved=603 errors=1422 current=crates/ruff_python_formatter/src/lib.rs
[2026-04-14T19:55:21Z] [iter=13] HEARTBEAT target_type=call_site elapsed_min=103.8 files_done=49 resolved=619 errors=1516 current=crates/ruff_linter/src/rules/perflint/mod.rs
[2026-04-14T19:57:32Z] [iter=13] HEARTBEAT target_type=call_site elapsed_min=106.0 files_done=51 resolved=646 errors=1552 current=crates/ruff_linter/src/rules/pylint/rules/invalid_bool_return.rs
[2026-04-14T19:58:41Z] [iter=13] HEARTBEAT target_type=call_site elapsed_min=107.2 files_done=52 resolved=648 errors=1571 current=crates/ruff_linter/src/rules/pylint/rules/too_many_positional.rs
[2026-04-14T19:59:25Z] [iter=13] HEARTBEAT target_type=call_site elapsed_min=107.9 files_done=53 resolved=650 errors=1583 current=crates/ruff_linter/src/rules/flake8_comprehensions/rules/unnecessary_literal_within_list_call.rs
[2026-04-14T20:00:58Z] [iter=13] HEARTBEAT target_type=call_site elapsed_min=109.4 files_done=54 resolved=652 errors=1609 current=crates/ruff_linter/src/rules/pep8_naming/helpers.rs
[2026-04-14T20:03:50Z] [iter=13] HEARTBEAT target_type=call_site elapsed_min=112.3 files_done=55 resolved=673 errors=1656 current=crates/ruff_linter/src/rules/flake8_builtins/rules/builtin_attribute_shadowing.rs
[2026-04-14T20:05:10Z] [iter=13] HEARTBEAT target_type=call_site elapsed_min=113.6 files_done=56 resolved=676 errors=1678 current=crates/ruff_diagnostics/src/source_map.rs
[2026-04-14T20:06:22Z] [iter=13] HEARTBEAT target_type=call_site elapsed_min=114.8 files_done=59 resolved=686 errors=1698 current=crates/ruff_python_ast/src/imports.rs
[2026-04-14T20:10:29Z] [iter=13] HEARTBEAT target_type=call_site elapsed_min=119.0 files_done=61 resolved=749 errors=1766 current=crates/ruff_linter/src/cst/helpers.rs
[2026-04-14T20:11:06Z] [iter=13] HEARTBEAT target_type=call_site elapsed_min=119.6 files_done=62 resolved=769 errors=1776 current=crates/ruff_python_trivia/src/comment_ranges.rs
[2026-04-14T20:14:21Z] [iter=13] HEARTBEAT target_type=call_site elapsed_min=122.8 files_done=63 resolved=790 errors=1830 current=crates/ruff_linter/src/rules/pylint/rules/non_slot_assignment.rs
[2026-04-14T20:17:37Z] [iter=13] HEARTBEAT target_type=call_site elapsed_min=126.1 files_done=64 resolved=801 errors=1884 current=crates/ruff_linter/src/rules/flake8_return/helpers.rs
[2026-04-14T20:18:20Z] [iter=13] HEARTBEAT target_type=call_site elapsed_min=126.8 files_done=65 resolved=801 errors=1896 current=crates/ruff_linter/src/rules/pyflakes/rules/default_except_not_last.rs
[2026-04-14T20:19:36Z] [iter=13] HEARTBEAT target_type=call_site elapsed_min=128.1 files_done=67 resolved=806 errors=1917 current=crates/ruff_linter/src/rules/pylint/rules/literal_membership.rs
[2026-04-14T20:20:49Z] [iter=13] HEARTBEAT target_type=call_site elapsed_min=129.3 files_done=68 resolved=813 errors=1937 current=crates/ruff_linter/src/rules/flake8_type_checking/helpers.rs
[2026-04-14T20:25:42Z] [iter=13] HEARTBEAT target_type=call_site elapsed_min=134.2 files_done=69 resolved=824 errors=2018 current=crates/ruff_linter/src/rules/refurb/rules/implicit_cwd.rs
[2026-04-14T20:26:54Z] [iter=13] HEARTBEAT target_type=call_site elapsed_min=135.4 files_done=70 resolved=829 errors=2038 current=crates/ruff_linter/src/rules/flake8_simplify/rules/ast_ifexp.rs
[2026-04-14T20:31:10Z] [iter=13] HEARTBEAT target_type=call_site elapsed_min=139.6 files_done=71 resolved=846 errors=2109 current=crates/ruff_text_size/tests/auto_traits.rs
[2026-04-14T20:34:01Z] [iter=13] HEARTBEAT target_type=call_site elapsed_min=142.5 files_done=74 resolved=852 errors=2156 current=crates/ruff_linter/src/rules/ruff/rules/test_rules.rs
[2026-04-14T20:36:47Z] [iter=13] HEARTBEAT target_type=call_site elapsed_min=145.3 files_done=75 resolved=881 errors=2202 current=crates/ruff_linter/src/renamer.rs
[2026-04-14T20:40:05Z] [iter=13] HEARTBEAT target_type=call_site elapsed_min=148.6 files_done=76 resolved=895 errors=2256 current=crates/ruff_linter/src/rules/pylint/rules/bad_open_mode.rs
[2026-04-14T20:41:40Z] [iter=13] HEARTBEAT target_type=call_site elapsed_min=150.1 files_done=77 resolved=908 errors=2282 current=crates/ruff_linter/src/rules/flake8_bugbear/rules/abstract_base_class.rs
[2026-04-14T20:43:29Z] [iter=13] HEARTBEAT target_type=call_site elapsed_min=152.0 files_done=78 resolved=915 errors=2312 current=crates/ruff_linter/src/rules/refurb/rules/redundant_log_base.rs
[2026-04-14T20:45:31Z] [iter=13] HEARTBEAT target_type=call_site elapsed_min=154.0 files_done=79 resolved=922 errors=2346 current=crates/ruff_server/src/server/api/diagnostics.rs
[2026-04-14T20:46:29Z] [iter=13] HEARTBEAT target_type=call_site elapsed_min=155.0 files_done=80 resolved=927 errors=2362 current=crates/ruff_linter/src/fix/codemods.rs
[2026-04-14T20:49:05Z] [iter=13] HEARTBEAT target_type=call_site elapsed_min=157.6 files_done=81 resolved=945 errors=2405 current=crates/ruff_linter/src/rules/refurb/rules/math_constant.rs
[2026-04-14T20:50:36Z] [iter=13] HEARTBEAT target_type=call_site elapsed_min=159.1 files_done=82 resolved=949 errors=2430 current=crates/ruff_linter/src/rules/pylint/rules/bad_string_format_type.rs
[2026-04-14T20:53:26Z] [iter=13] HEARTBEAT target_type=call_site elapsed_min=161.9 files_done=83 resolved=956 errors=2477 current=crates/ruff_linter/src/rules/pydocstyle/rules/multi_line_summary_start.rs
[2026-04-14T20:56:31Z] [iter=13] HEARTBEAT target_type=call_site elapsed_min=165.0 files_done=84 resolved=960 errors=2528 current=crates/ruff_python_formatter/src/comments/debug.rs
[2026-04-14T21:00:41Z] [iter=13] HEARTBEAT target_type=call_site elapsed_min=169.2 files_done=85 resolved=978 errors=2597 current=crates/ruff_linter/src/docstrings/extraction.rs
[2026-04-14T21:01:17Z] [iter=13] HEARTBEAT target_type=call_site elapsed_min=169.8 files_done=86 resolved=978 errors=2607 current=crates/ruff_linter/src/rules/perflint/rules/unnecessary_list_cast.rs
[2026-04-14T21:03:32Z] [iter=13] HEARTBEAT target_type=call_site elapsed_min=172.0 files_done=87 resolved=982 errors=2644 current=crates/ruff_linter/src/rules/flake8_comprehensions/rules/unnecessary_generator_dict.rs
[2026-04-14T21:04:12Z] [iter=13] HEARTBEAT target_type=call_site elapsed_min=172.7 files_done=88 resolved=983 errors=2655 current=crates/ruff_linter/src/rules/isort/rules/add_required_imports.rs
[2026-04-14T21:07:03Z] [iter=13] HEARTBEAT target_type=call_site elapsed_min=175.5 files_done=89 resolved=992 errors=2702 current=crates/ruff_linter/src/rules/ruff/rules/collection_literal_concatenation.rs
[2026-04-14T21:09:48Z] [iter=13] HEARTBEAT target_type=call_site elapsed_min=178.3 files_done=90 resolved=1004 errors=2748 current=crates/ruff_linter/src/checkers/ast/analyze/deferred_for_loops.rs
[2026-04-14T21:10:50Z] [iter=13] HEARTBEAT target_type=call_site elapsed_min=179.3 files_done=91 resolved=1006 errors=2765 current=crates/ruff_linter/src/rules/pylint/rules/invalid_hash_return.rs
[2026-04-14T21:11:59Z] [iter=13] HEARTBEAT target_type=call_site elapsed_min=180.5 files_done=92 resolved=1008 errors=2784 current=crates/ruff_linter/src/rules/isort/comments.rs
[2026-04-14T21:12:57Z] [iter=13] HEARTBEAT target_type=call_site elapsed_min=181.4 files_done=94 resolved=1012 errors=2800 current=crates/ruff_python_formatter/src/other/identifier.rs
[2026-04-14T21:14:13Z] [iter=13] HEARTBEAT target_type=call_site elapsed_min=182.7 files_done=95 resolved=1017 errors=2821 current=crates/ruff_linter/src/rules/pydocstyle/rules/no_surrounding_whitespace.rs
[2026-04-14T21:15:34Z] [iter=13] HEARTBEAT target_type=call_site elapsed_min=184.0 files_done=96 resolved=1019 errors=2843 current=crates/ruff_python_formatter/src/pattern/pattern_arguments.rs
[2026-04-14T21:17:53Z] [iter=13] HEARTBEAT target_type=call_site elapsed_min=186.3 files_done=97 resolved=1019 errors=2881 current=crates/ruff/src/panic.rs
[2026-04-14T21:18:31Z] [iter=13] HEARTBEAT target_type=call_site elapsed_min=187.0 files_done=99 resolved=1039 errors=2891 current=crates/ruff_python_formatter/tests/normalizer.rs
[2026-04-14T21:19:52Z] [iter=13] HEARTBEAT target_type=call_site elapsed_min=188.3 files_done=100 resolved=1053 errors=2913 current=crates/ruff_linter/src/rules/pyupgrade/rules/replace_str_enum.rs
[2026-04-14T21:21:01Z] [iter=13] HEARTBEAT target_type=call_site elapsed_min=189.5 files_done=101 resolved=1057 errors=2932 current=crates/ruff_linter/src/rules/pep8_naming/rules/dunder_function_name.rs
[2026-04-14T21:25:05Z] [iter=13] HEARTBEAT target_type=call_site elapsed_min=193.6 files_done=104 resolved=1085 errors=2999 current=crates/ruff_linter/src/logging.rs
[2026-04-14T21:26:34Z] [iter=13] HEARTBEAT target_type=call_site elapsed_min=195.0 files_done=105 resolved=1116 errors=3023 current=crates/ruff_linter/src/rules/pycodestyle/rules/not_tests.rs
[2026-04-14T21:28:30Z] [iter=13] HEARTBEAT target_type=call_site elapsed_min=197.0 files_done=106 resolved=1118 errors=3055 current=crates/ruff_python_formatter/src/type_param/type_params.rs
[2026-04-14T21:29:21Z] [iter=13] HEARTBEAT target_type=call_site elapsed_min=197.8 files_done=107 resolved=1118 errors=3069 current=crates/ruff_linter/src/rules/pylint/rules/magic_value_comparison.rs
[2026-04-14T21:30:26Z] [iter=13] HEARTBEAT target_type=call_site elapsed_min=198.9 files_done=108 resolved=1126 errors=3087 current=crates/ruff_python_parser/src/error.rs
[2026-04-14T21:32:29Z] [iter=13] HEARTBEAT target_type=call_site elapsed_min=201.0 files_done=109 resolved=1142 errors=3121 current=crates/ruff_linter/src/rules/pylint/rules/invalid_length_return.rs
[2026-04-14T21:33:42Z] [iter=13] HEARTBEAT target_type=call_site elapsed_min=202.2 files_done=110 resolved=1145 errors=3141 current=crates/ruff_python_trivia/src/whitespace.rs
[2026-04-14T21:34:50Z] [iter=13] HEARTBEAT target_type=call_site elapsed_min=203.3 files_done=111 resolved=1150 errors=3160 current=crates/ruff_python_formatter/src/other/with_item.rs
[2026-04-14T21:36:18Z] [iter=13] HEARTBEAT target_type=call_site elapsed_min=204.8 files_done=112 resolved=1151 errors=3184 current=crates/ruff_linter/src/rules/pylint/rules/non_ascii_name.rs
[2026-04-14T21:37:24Z] [iter=13] HEARTBEAT target_type=call_site elapsed_min=205.9 files_done=113 resolved=1153 errors=3202 current=crates/ruff_linter/src/rules/flake8_bandit/rules/suspicious_imports.rs
[2026-04-14T21:43:24Z] [iter=13] HEARTBEAT target_type=call_site elapsed_min=211.9 files_done=114 resolved=1170 errors=3301 current=crates/ruff_linter/src/rules/flake8_comprehensions/rules/unnecessary_collection_call.rs
[2026-04-14T21:45:31Z] [iter=13] HEARTBEAT target_type=call_site elapsed_min=214.0 files_done=115 resolved=1171 errors=3336 current=crates/ruff_linter/src/rules/pycodestyle/overlong.rs
[2026-04-14T21:48:44Z] [iter=13] HEARTBEAT target_type=call_site elapsed_min=217.2 files_done=116 resolved=1173 errors=3389 current=crates/ruff_linter/src/rules/flake8_bugbear/rules/useless_contextlib_suppress.rs
[2026-04-14T21:52:26Z] [iter=13] HEARTBEAT target_type=call_site elapsed_min=220.9 files_done=118 resolved=1186 errors=3450 current=crates/ruff_linter/src/rules/flynt/mod.rs
[2026-04-14T21:54:53Z] [iter=13] HEARTBEAT target_type=call_site elapsed_min=223.4 files_done=121 resolved=1205 errors=3490 current=crates/ruff_linter/src/rules/pyupgrade/rules/os_error_alias.rs
[2026-04-14T21:58:19Z] [iter=13] HEARTBEAT target_type=call_site elapsed_min=226.8 files_done=122 resolved=1213 errors=3547 current=crates/ruff_linter/src/rules/flake8_pyi/rules/non_self_return_type.rs
[2026-04-14T22:01:19Z] [iter=13] HEARTBEAT target_type=call_site elapsed_min=229.8 files_done=123 resolved=1227 errors=3597 current=crates/ruff_linter/src/rules/perflint/rules/try_except_in_loop.rs
[2026-04-14T22:02:37Z] [iter=13] HEARTBEAT target_type=call_site elapsed_min=231.1 files_done=125 resolved=1246 errors=3618 current=crates/ruff_linter/src/rules/flake8_trio/mod.rs
[2026-04-14T22:04:11Z] [iter=13] HEARTBEAT target_type=call_site elapsed_min=232.7 files_done=127 resolved=1252 errors=3644 current=crates/ruff_linter/src/message/rdjson.rs
[2026-04-14T22:05:21Z] [iter=13] HEARTBEAT target_type=call_site elapsed_min=233.8 files_done=128 resolved=1263 errors=3663 current=crates/ruff_linter/src/rules/flake8_pyi/rules/unaliased_collections_abc_set_import.rs
[2026-04-14T22:06:33Z] [iter=13] HEARTBEAT target_type=call_site elapsed_min=235.0 files_done=129 resolved=1269 errors=3683 current=crates/ruff_linter/src/rules/pycodestyle/rules/logical_lines/whitespace_before_comment.rs
[2026-04-14T22:09:59Z] [iter=13] HEARTBEAT target_type=call_site elapsed_min=238.5 files_done=130 resolved=1282 errors=3740 current=crates/ruff_linter/src/rules/pandas_vet/rules/call.rs
[2026-04-14T22:10:43Z] [iter=13] HEARTBEAT target_type=call_site elapsed_min=239.2 files_done=131 resolved=1287 errors=3752 current=crates/ruff_linter/src/rules/flake8_bugbear/rules/getattr_with_constant.rs
[2026-04-14T22:11:41Z] [iter=13] CHECKPOINT TRIGGERED elapsed_min=240.2 files_completed=613 new_files_this_iter=131 mem_mb=2589 MB
[2026-04-14T22:11:41Z] [iter=13] Writing partial enrichment graph path=/home/runner/work/forx/forx/storage/aggregate/lsp/b54922fd7394c36cdc390fd21aaee99206ebc361.nq.gz triples=332343
[2026-04-14T22:11:48Z] [iter=13] Checkpoint written, exiting with code 7
[2026-04-14T22:11:48Z] [iter=13] PHASE END: enrich (checkpointed) elapsed_s=14410 elapsed_min=240.2 files_completed=613
