[2026-04-15T02:31:46Z] === ENRICH ITERATION 15 START | repo=astral-sh/ruff sha=b54922fd ===
[2026-04-15T02:31:46Z] [iter=15] PHASE START: enrich repo=astral-sh/ruff sha=b54922fd runlog=/home/runner/work/forx/forx/storage/aggregate/lsp/logs/b54922fd-enrich-iter-015.log output=/home/runner/work/forx/forx/storage/aggregate/lsp/b54922fd7394c36cdc390fd21aaee99206ebc361.nq.gz
[2026-04-15T02:31:46Z] [iter=15] Step 1: Loading AST into disk-backed store mem_mb=77 MB
[2026-04-15T02:33:49Z] [iter=15] AST store loaded triples=11609282 load_secs=119 mem_mb=1090 MB
[2026-04-15T02:33:49Z] [iter=15] Step 2: Finding LSP targets mem_mb=1090 MB
[2026-04-15T02:34:13Z] [iter=15] LSP targets found call_sites=82537 imports=7864 extends=425 implements=349 secs=24
[2026-04-15T02:34:29Z] [iter=15] Loaded checkpoint partial graph triples=355346
[2026-04-15T02:34:50Z] [iter=15] Step 2.7: Building position index (one-shot, shared across resolvers) mem_mb=1327 MB
[2026-04-15T02:36:10Z] [iter=15] Position index built positions=795749 nodes_with_types=974884 secs=80 mem_mb=2779 MB
[2026-04-15T02:36:10Z] [iter=15] Step 3: Starting LSP resolution mem_mb=2779 MB already_completed_types=[] already_completed_files=752
[2026-04-15T02:36:10Z] [iter=15] Resolving target type target_type=call_site count=82537
[2026-04-15T02:37:24Z] [iter=15] HEARTBEAT target_type=call_site elapsed_min=5.6 files_done=0 resolved=0 errors=0 current=crates/ruff_linter/src/rules/ruff/rules/unnecessary_key_check.rs
[2026-04-15T02:39:38Z] [iter=15] HEARTBEAT target_type=call_site elapsed_min=7.9 files_done=1 resolved=2 errors=20 current=crates/ruff_linter/src/rules/flake8_builtins/mod.rs
[2026-04-15T02:41:35Z] [iter=15] HEARTBEAT target_type=call_site elapsed_min=9.8 files_done=3 resolved=24 errors=46 current=crates/ruff_linter/src/settings/mod.rs
[2026-04-15T02:45:40Z] [iter=15] HEARTBEAT target_type=call_site elapsed_min=13.9 files_done=4 resolved=38 errors=99 current=crates/ruff_linter/src/lib.rs
[2026-04-15T02:48:58Z] [iter=15] HEARTBEAT target_type=call_site elapsed_min=17.2 files_done=6 resolved=44 errors=143 current=crates/ruff_linter/src/rules/pycodestyle/rules/logical_lines/extraneous_whitespace.rs
[2026-04-15T02:55:49Z] [iter=15] HEARTBEAT target_type=call_site elapsed_min=24.0 files_done=7 resolved=69 errors=234 current=crates/ruff_python_formatter/src/expression/expr_string_literal.rs
[2026-04-15T02:56:29Z] [iter=15] HEARTBEAT target_type=call_site elapsed_min=24.7 files_done=8 resolved=73 errors=243 current=crates/ruff_linter/src/rules/pyupgrade/rules/use_pep604_isinstance.rs
[2026-04-15T02:57:55Z] [iter=15] HEARTBEAT target_type=call_site elapsed_min=26.1 files_done=9 resolved=76 errors=262 current=crates/ruff_linter/src/rules/pydocstyle/rules/ends_with_period.rs
[2026-04-15T03:00:00Z] [iter=15] HEARTBEAT target_type=call_site elapsed_min=28.2 files_done=10 resolved=77 errors=290 current=crates/ruff_linter/src/rules/pycodestyle/rules/trailing_whitespace.rs
[2026-04-15T03:02:12Z] [iter=15] HEARTBEAT target_type=call_site elapsed_min=30.4 files_done=11 resolved=81 errors=319 current=crates/ruff_linter/src/rules/ruff/rules/asyncio_dangling_task.rs
[2026-04-15T03:04:31Z] [iter=15] HEARTBEAT target_type=call_site elapsed_min=32.7 files_done=12 resolved=89 errors=350 current=crates/ruff_python_semantic/src/nodes.rs
[2026-04-15T03:09:11Z] [iter=15] HEARTBEAT target_type=call_site elapsed_min=37.4 files_done=14 resolved=106 errors=412 current=crates/ruff_linter/src/rules/flake8_bandit/rules/weak_cryptographic_key.rs
[2026-04-15T03:10:59Z] [iter=15] HEARTBEAT target_type=call_site elapsed_min=39.2 files_done=15 resolved=116 errors=436 current=crates/red_knot/src/db/storage.rs
[2026-04-15T03:11:42Z] [iter=15] HEARTBEAT target_type=call_site elapsed_min=39.9 files_done=16 resolved=128 errors=445 current=crates/ruff_text_size/src/traits.rs
[2026-04-15T03:12:13Z] [iter=15] HEARTBEAT target_type=call_site elapsed_min=40.5 files_done=17 resolved=132 errors=452 current=crates/ruff_db/src/parsed.rs
[2026-04-15T03:14:25Z] [iter=15] HEARTBEAT target_type=call_site elapsed_min=42.7 files_done=18 resolved=140 errors=481 current=crates/ruff_linter/src/rules/flake8_bandit/rules/snmp_weak_cryptography.rs
[2026-04-15T03:14:57Z] [iter=15] HEARTBEAT target_type=call_site elapsed_min=43.2 files_done=19 resolved=142 errors=488 current=crates/ruff_linter/src/rules/pep8_naming/rules/invalid_module_name.rs
[2026-04-15T03:16:35Z] [iter=15] HEARTBEAT target_type=call_site elapsed_min=44.8 files_done=20 resolved=145 errors=510 current=crates/ruff_linter/src/rules/ruff/rules/mutable_fromkeys_value.rs
[2026-04-15T03:18:19Z] [iter=15] HEARTBEAT target_type=call_site elapsed_min=46.6 files_done=21 resolved=151 errors=533 current=crates/ruff_python_trivia/src/comments.rs
[2026-04-15T03:19:41Z] [iter=15] HEARTBEAT target_type=call_site elapsed_min=47.9 files_done=22 resolved=161 errors=551 current=crates/ruff_linter/src/rules/pep8_naming/rules/camelcase_imported_as_acronym.rs
[2026-04-15T03:20:21Z] [iter=15] HEARTBEAT target_type=call_site elapsed_min=48.6 files_done=23 resolved=163 errors=560 current=crates/ruff_server/src/message.rs
[2026-04-15T03:21:01Z] [iter=15] HEARTBEAT target_type=call_site elapsed_min=49.3 files_done=24 resolved=179 errors=568 current=crates/ruff_linter/src/rules/pycodestyle/rules/doc_line_too_long.rs
[2026-04-15T03:21:32Z] [iter=15] HEARTBEAT target_type=call_site elapsed_min=49.8 files_done=25 resolved=180 errors=575 current=crates/ruff_linter/src/rules/flake8_pytest_style/rules/raises.rs
[2026-04-15T03:24:19Z] [iter=15] HEARTBEAT target_type=call_site elapsed_min=52.6 files_done=26 resolved=184 errors=612 current=crates/ruff_linter/src/rules/flake8_pyi/rules/pre_pep570_positional_argument.rs
[2026-04-15T03:25:13Z] [iter=15] HEARTBEAT target_type=call_site elapsed_min=53.5 files_done=27 resolved=187 errors=624 current=crates/ruff_linter/src/rules/pydocstyle/rules/newline_after_last_paragraph.rs
[2026-04-15T03:27:11Z] [iter=15] HEARTBEAT target_type=call_site elapsed_min=55.4 files_done=28 resolved=189 errors=650 current=crates/ruff_linter/src/rules/pycodestyle/rules/logical_lines/whitespace_before_parameters.rs
[2026-04-15T03:28:27Z] [iter=15] HEARTBEAT target_type=call_site elapsed_min=56.7 files_done=29 resolved=198 errors=667 current=crates/ruff_linter/src/rules/flake8_tidy_imports/rules/relative_imports.rs
[2026-04-15T03:29:48Z] [iter=15] HEARTBEAT target_type=call_site elapsed_min=58.0 files_done=30 resolved=205 errors=685 current=crates/ruff_linter/src/checkers/logical_lines.rs
[2026-04-15T03:34:15Z] [iter=15] HEARTBEAT target_type=call_site elapsed_min=62.5 files_done=31 resolved=210 errors=744 current=crates/ruff_linter/src/rules/ruff/rules/quadratic_list_summation.rs
[2026-04-15T03:36:57Z] [iter=15] HEARTBEAT target_type=call_site elapsed_min=65.2 files_done=32 resolved=214 errors=780 current=crates/ruff_linter/src/rules/flake8_django/rules/non_leading_receiver_decorator.rs
[2026-04-15T03:37:51Z] [iter=15] HEARTBEAT target_type=call_site elapsed_min=66.1 files_done=33 resolved=216 errors=792 current=crates/ruff_linter/src/rules/pycodestyle/rules/multiple_imports_on_one_line.rs
[2026-04-15T03:40:07Z] [iter=15] HEARTBEAT target_type=call_site elapsed_min=68.4 files_done=34 resolved=223 errors=822 current=crates/ruff_python_trivia_integration_tests/tests/whitespace.rs
[2026-04-15T03:42:02Z] [iter=15] HEARTBEAT target_type=call_site elapsed_min=70.3 files_done=35 resolved=229 errors=847 current=crates/ruff_python_formatter/src/statement/stmt_aug_assign.rs
[2026-04-15T03:44:29Z] [iter=15] HEARTBEAT target_type=call_site elapsed_min=72.7 files_done=36 resolved=230 errors=877 current=crates/ruff_linter/src/rules/isort/split.rs
[2026-04-15T03:45:41Z] [iter=15] HEARTBEAT target_type=call_site elapsed_min=73.9 files_done=37 resolved=232 errors=893 current=crates/ruff_linter/src/rules/ruff/rules/unused_async.rs
[2026-04-15T03:47:34Z] [iter=15] HEARTBEAT target_type=call_site elapsed_min=75.8 files_done=38 resolved=233 errors=916 current=crates/ruff_linter/src/rules/ruff/rules/invalid_formatter_suppression_comment.rs
[2026-04-15T03:50:46Z] [iter=15] HEARTBEAT target_type=call_site elapsed_min=79.0 files_done=39 resolved=253 errors=955 current=crates/ruff_linter/src/rules/flake8_comprehensions/rules/unnecessary_generator_list.rs
[2026-04-15T03:54:08Z] [iter=15] HEARTBEAT target_type=call_site elapsed_min=82.4 files_done=40 resolved=256 errors=996 current=crates/ruff_linter/src/rules/refurb/rules/delete_full_slice.rs
[2026-04-15T03:55:29Z] [iter=15] HEARTBEAT target_type=call_site elapsed_min=83.7 files_done=41 resolved=260 errors=1014 current=crates/ruff_linter/src/rules/flake8_blind_except/rules/blind_except.rs
[2026-04-15T03:57:31Z] [iter=15] HEARTBEAT target_type=call_site elapsed_min=85.8 files_done=42 resolved=266 errors=1041 current=crates/ruff_linter/src/rules/pylint/rules/dict_iter_missing_items.rs
[2026-04-15T03:59:24Z] [iter=15] HEARTBEAT target_type=call_site elapsed_min=87.6 files_done=43 resolved=269 errors=1066 current=crates/ruff_linter/src/rules/flake8_bugbear/rules/useless_comparison.rs
[2026-04-15T04:00:05Z] [iter=15] HEARTBEAT target_type=call_site elapsed_min=88.3 files_done=44 resolved=270 errors=1075 current=crates/ruff_formatter/src/diagnostics.rs
[2026-04-15T04:01:18Z] [iter=15] HEARTBEAT target_type=call_site elapsed_min=89.5 files_done=46 resolved=288 errors=1091 current=crates/ruff_python_formatter/src/module/mod_module.rs
[2026-04-15T04:02:08Z] [iter=15] HEARTBEAT target_type=call_site elapsed_min=90.4 files_done=47 resolved=289 errors=1102 current=crates/ruff_python_ast/src/relocate.rs
[2026-04-15T04:03:25Z] [iter=15] HEARTBEAT target_type=call_site elapsed_min=91.6 files_done=49 resolved=301 errors=1119 current=crates/ruff_db/src/vfs/path.rs
[2026-04-15T04:04:32Z] [iter=15] HEARTBEAT target_type=call_site elapsed_min=92.8 files_done=50 resolved=311 errors=1134 current=crates/ruff_linter/src/rules/flake8_quotes/rules/avoidable_escaped_quote.rs
[2026-04-15T04:10:11Z] [iter=15] HEARTBEAT target_type=call_site elapsed_min=98.4 files_done=51 resolved=326 errors=1209 current=crates/ruff_linter/src/rules/flake8_pyi/rules/unsupported_method_call_on_all.rs
[2026-04-15T04:10:47Z] [iter=15] HEARTBEAT target_type=call_site elapsed_min=99.0 files_done=52 resolved=328 errors=1217 current=crates/ruff_python_formatter/src/expression/expr_if.rs
[2026-04-15T04:12:13Z] [iter=15] HEARTBEAT target_type=call_site elapsed_min=100.5 files_done=53 resolved=328 errors=1236 current=crates/ruff_linter/src/rules/perflint/rules/manual_list_copy.rs
[2026-04-15T04:13:34Z] [iter=15] HEARTBEAT target_type=call_site elapsed_min=101.8 files_done=54 resolved=330 errors=1254 current=crates/ruff_linter/src/rules/pylint/rules/invalid_envvar_value.rs
[2026-04-15T04:14:15Z] [iter=15] HEARTBEAT target_type=call_site elapsed_min=102.5 files_done=55 resolved=333 errors=1263 current=crates/ruff/src/commands/server.rs
[2026-04-15T04:15:41Z] [iter=15] HEARTBEAT target_type=call_site elapsed_min=103.9 files_done=57 resolved=335 errors=1282 current=crates/ruff_linter/src/registry/rule_set.rs
[2026-04-15T04:17:48Z] [iter=15] HEARTBEAT target_type=call_site elapsed_min=106.0 files_done=58 resolved=366 errors=1310 current=crates/ruff_python_ast/src/lib.rs
[2026-04-15T04:18:56Z] [iter=15] HEARTBEAT target_type=call_site elapsed_min=107.2 files_done=59 resolved=366 errors=1325 current=crates/ruff_linter/src/rules/flake8_pie/rules/duplicate_class_field_definition.rs
[2026-04-15T04:20:49Z] [iter=15] HEARTBEAT target_type=call_site elapsed_min=109.0 files_done=60 resolved=370 errors=1350 current=crates/ruff_linter/src/rules/pyupgrade/types.rs
[2026-04-15T04:21:20Z] [iter=15] HEARTBEAT target_type=call_site elapsed_min=109.6 files_done=62 resolved=379 errors=1357 current=crates/ruff_python_ast/src/docstrings.rs
[2026-04-15T04:22:15Z] [iter=15] HEARTBEAT target_type=call_site elapsed_min=110.5 files_done=63 resolved=379 errors=1369 current=crates/ruff_notebook/src/index.rs
[2026-04-15T04:23:27Z] [iter=15] HEARTBEAT target_type=call_site elapsed_min=111.7 files_done=65 resolved=394 errors=1385 current=crates/ruff_linter/src/rules/flake8_pie/rules/unnecessary_placeholder.rs
[2026-04-15T04:25:52Z] [iter=15] HEARTBEAT target_type=call_site elapsed_min=114.1 files_done=66 resolved=399 errors=1417 current=crates/ruff_python_formatter/src/expression/expr_generator.rs
[2026-04-15T04:27:00Z] [iter=15] HEARTBEAT target_type=call_site elapsed_min=115.2 files_done=67 resolved=399 errors=1432 current=crates/ruff_linter/src/rules/numpy/rules/deprecated_type_alias.rs
[2026-04-15T04:28:21Z] [iter=15] HEARTBEAT target_type=call_site elapsed_min=116.6 files_done=68 resolved=405 errors=1450 current=crates/ruff_linter/src/rules/pyupgrade/settings.rs
[2026-04-15T04:28:53Z] [iter=15] HEARTBEAT target_type=call_site elapsed_min=117.1 files_done=70 resolved=410 errors=1457 current=crates/ruff_python_stdlib/src/path.rs
[2026-04-15T04:29:51Z] [iter=15] HEARTBEAT target_type=call_site elapsed_min=118.1 files_done=72 resolved=415 errors=1470 current=crates/ruff_linter/src/rules/ruff/rules/assignment_in_assert.rs
[2026-04-15T04:31:08Z] [iter=15] HEARTBEAT target_type=call_site elapsed_min=119.4 files_done=74 resolved=422 errors=1487 current=crates/ruff_linter/src/rules/flake8_datetimez/rules/helpers.rs
[2026-04-15T04:33:00Z] [iter=15] HEARTBEAT target_type=call_site elapsed_min=121.2 files_done=76 resolved=429 errors=1512 current=crates/ruff_linter/src/rules/flake8_logging_format/mod.rs
[2026-04-15T04:34:35Z] [iter=15] HEARTBEAT target_type=call_site elapsed_min=122.8 files_done=78 resolved=436 errors=1533 current=crates/ruff_linter/src/rules/flake8_trio/rules/sync_call.rs
[2026-04-15T04:36:18Z] [iter=15] HEARTBEAT target_type=call_site elapsed_min=124.5 files_done=79 resolved=439 errors=1556 current=crates/ruff_linter/src/rules/flake8_pie/rules/unnecessary_range_start.rs
[2026-04-15T04:37:07Z] [iter=15] HEARTBEAT target_type=call_site elapsed_min=125.4 files_done=80 resolved=441 errors=1567 current=crates/ruff_linter/src/rules/pep8_naming/rules/invalid_function_name.rs
[2026-04-15T04:38:29Z] [iter=15] HEARTBEAT target_type=call_site elapsed_min=126.7 files_done=82 resolved=445 errors=1585 current=crates/ruff_python_formatter/src/statement/stmt_expr.rs
[2026-04-15T04:39:59Z] [iter=15] HEARTBEAT target_type=call_site elapsed_min=128.2 files_done=83 resolved=447 errors=1605 current=crates/ruff_linter/src/rules/pyflakes/rules/redefined_while_unused.rs
[2026-04-15T04:41:33Z] [iter=15] HEARTBEAT target_type=call_site elapsed_min=129.8 files_done=85 resolved=450 errors=1626 current=crates/ruff_python_formatter/src/expression/expr_f_string.rs
[2026-04-15T04:43:34Z] [iter=15] HEARTBEAT target_type=call_site elapsed_min=131.8 files_done=86 resolved=451 errors=1653 current=crates/ruff_linter/src/rules/flake8_django/rules/exclude_with_model_form.rs
[2026-04-15T04:44:06Z] [iter=15] HEARTBEAT target_type=call_site elapsed_min=132.3 files_done=87 resolved=452 errors=1660 current=crates/ruff_python_parser/src/token_set.rs
[2026-04-15T04:44:46Z] [iter=15] HEARTBEAT target_type=call_site elapsed_min=133.0 files_done=88 resolved=456 errors=1669 current=crates/ruff_linter/src/rules/flake8_django/rules/nullable_model_string_field.rs
[2026-04-15T04:45:44Z] [iter=15] HEARTBEAT target_type=call_site elapsed_min=134.0 files_done=89 resolved=459 errors=1682 current=crates/ruff_linter/src/rules/flake8_bugbear/rules/useless_expression.rs
[2026-04-15T04:46:56Z] [iter=15] HEARTBEAT target_type=call_site elapsed_min=135.2 files_done=90 resolved=462 errors=1698 current=crates/ruff_python_formatter/src/type_param/mod.rs
[2026-04-15T04:47:32Z] [iter=15] HEARTBEAT target_type=call_site elapsed_min=135.8 files_done=91 resolved=462 errors=1706 current=crates/ruff_linter/src/rules/flake8_simplify/rules/suppressible_exception.rs
[2026-04-15T04:50:00Z] [iter=15] HEARTBEAT target_type=call_site elapsed_min=138.2 files_done=92 resolved=468 errors=1739 current=crates/ruff_text_size/src/size.rs
[2026-04-15T04:50:50Z] [iter=15] HEARTBEAT target_type=call_site elapsed_min=139.1 files_done=93 resolved=470 errors=1750 current=crates/ruff_linter/src/rules/flake8_datetimez/rules/call_datetime_without_tzinfo.rs
[2026-04-15T04:51:35Z] [iter=15] HEARTBEAT target_type=call_site elapsed_min=139.8 files_done=94 resolved=474 errors=1760 current=crates/ruff_linter/src/rules/eradicate/rules/commented_out_code.rs
[2026-04-15T04:52:33Z] [iter=15] HEARTBEAT target_type=call_site elapsed_min=140.8 files_done=95 resolved=478 errors=1773 current=crates/ruff_linter/src/rules/pylint/rules/duplicate_bases.rs
[2026-04-15T04:53:09Z] [iter=15] HEARTBEAT target_type=call_site elapsed_min=141.4 files_done=96 resolved=481 errors=1781 current=crates/ruff_linter/src/rules/pyupgrade/rules/useless_object_inheritance.rs
[2026-04-15T04:54:07Z] [iter=15] HEARTBEAT target_type=call_site elapsed_min=142.4 files_done=97 resolved=482 errors=1794 current=crates/ruff_linter/src/rules/flake8_2020/helpers.rs
[2026-04-15T04:56:04Z] [iter=15] HEARTBEAT target_type=call_site elapsed_min=144.3 files_done=99 resolved=482 errors=1820 current=crates/ruff_linter/src/rules/pylint/rules/single_string_slots.rs
[2026-04-15T04:56:45Z] [iter=15] HEARTBEAT target_type=call_site elapsed_min=145.0 files_done=100 resolved=485 errors=1829 current=crates/ruff_python_semantic/src/analyze/function_type.rs
[2026-04-15T05:00:16Z] [iter=15] HEARTBEAT target_type=call_site elapsed_min=148.5 files_done=101 resolved=491 errors=1876 current=crates/ruff_text_size/tests/serde.rs
[2026-04-15T05:01:17Z] [iter=15] HEARTBEAT target_type=call_site elapsed_min=149.5 files_done=102 resolved=517 errors=1889 current=crates/ruff_linter/src/rules/pylint/rules/modified_iterating_set.rs
[2026-04-15T05:03:04Z] [iter=15] HEARTBEAT target_type=call_site elapsed_min=151.3 files_done=103 resolved=521 errors=1913 current=crates/ruff_linter/src/rules/ruff/rules/helpers.rs
[2026-04-15T05:04:44Z] [iter=15] HEARTBEAT target_type=call_site elapsed_min=153.0 files_done=104 resolved=526 errors=1935 current=crates/ruff_linter/src/rules/refurb/rules/check_and_remove_from_set.rs
[2026-04-15T05:08:38Z] [iter=15] HEARTBEAT target_type=call_site elapsed_min=156.9 files_done=105 resolved=539 errors=1987 current=crates/ruff_linter/src/rules/flake8_future_annotations/mod.rs
[2026-04-15T05:09:14Z] [iter=15] HEARTBEAT target_type=call_site elapsed_min=157.5 files_done=106 resolved=548 errors=1995 current=crates/ruff_linter/src/checkers/ast/annotation.rs
[2026-04-15T05:10:57Z] [iter=15] HEARTBEAT target_type=call_site elapsed_min=159.2 files_done=108 resolved=554 errors=2018 current=crates/ruff_linter/src/rules/pylint/rules/repeated_keyword_argument.rs
[2026-04-15T05:12:09Z] [iter=15] HEARTBEAT target_type=call_site elapsed_min=160.4 files_done=109 resolved=557 errors=2034 current=crates/ruff_python_formatter/src/statement/stmt_for.rs
[2026-04-15T05:13:49Z] [iter=15] HEARTBEAT target_type=call_site elapsed_min=162.0 files_done=110 resolved=559 errors=2056 current=crates/ruff_linter/src/rules/flake8_pyi/rules/type_alias_naming.rs
[2026-04-15T05:14:43Z] [iter=15] HEARTBEAT target_type=call_site elapsed_min=163.0 files_done=111 resolved=563 errors=2068 current=crates/ruff_linter/src/rules/pyupgrade/rules/lru_cache_without_parameters.rs
[2026-04-15T05:15:46Z] [iter=15] HEARTBEAT target_type=call_site elapsed_min=164.0 files_done=112 resolved=565 errors=2082 current=crates/ruff_python_formatter/src/string/mod.rs
[2026-04-15T05:17:38Z] [iter=15] HEARTBEAT target_type=call_site elapsed_min=165.9 files_done=113 resolved=573 errors=2107 current=crates/ruff_linter/src/checkers/ast/analyze/parameters.rs
[2026-04-15T05:18:18Z] [iter=15] HEARTBEAT target_type=call_site elapsed_min=166.5 files_done=114 resolved=573 errors=2116 current=crates/ruff_server/src/server/api/requests/format_range.rs
[2026-04-15T05:19:48Z] [iter=15] HEARTBEAT target_type=call_site elapsed_min=168.0 files_done=115 resolved=579 errors=2136 current=crates/ruff_linter/src/rules/flake8_bandit/rules/request_with_no_cert_validation.rs
[2026-04-15T05:20:33Z] [iter=15] HEARTBEAT target_type=call_site elapsed_min=168.8 files_done=116 resolved=582 errors=2146 current=crates/red_knot_python_semantic/src/node_key.rs
[2026-04-15T05:23:00Z] [iter=15] HEARTBEAT target_type=call_site elapsed_min=171.2 files_done=118 resolved=600 errors=2178 current=crates/ruff_linter/src/rules/flake8_bugbear/rules/redundant_tuple_in_exception_handler.rs
[2026-04-15T05:24:17Z] [iter=15] HEARTBEAT target_type=call_site elapsed_min=172.5 files_done=119 resolved=602 errors=2195 current=crates/ruff_linter/src/rules/flake8_slots/rules/no_slots_in_tuple_subclass.rs
[2026-04-15T05:25:06Z] [iter=15] HEARTBEAT target_type=call_site elapsed_min=173.3 files_done=120 resolved=603 errors=2206 current=crates/ruff_linter/src/rules/pycodestyle/rules/logical_lines/redundant_backslash.rs
[2026-04-15T05:26:31Z] [iter=15] HEARTBEAT target_type=call_site elapsed_min=174.8 files_done=121 resolved=604 errors=2225 current=crates/ruff_linter/src/rules/pyupgrade/rules/deprecated_c_element_tree.rs
[2026-04-15T05:27:39Z] [iter=15] HEARTBEAT target_type=call_site elapsed_min=175.9 files_done=122 resolved=606 errors=2240 current=crates/ruff_linter/src/rules/flake8_executable/rules/shebang_missing_python.rs
[2026-04-15T05:28:24Z] [iter=15] HEARTBEAT target_type=call_site elapsed_min=176.6 files_done=124 resolved=612 errors=2250 current=crates/ruff_linter/src/rules/flake8_bandit/rules/snmp_insecure_version.rs
[2026-04-15T05:28:56Z] [iter=15] HEARTBEAT target_type=call_site elapsed_min=177.2 files_done=125 resolved=615 errors=2257 current=crates/ruff_linter/src/rules/pylint/rules/super_without_brackets.rs
[2026-04-15T05:30:17Z] [iter=15] HEARTBEAT target_type=call_site elapsed_min=178.5 files_done=126 resolved=617 errors=2275 current=crates/ruff_linter/src/message/github.rs
[2026-04-15T05:30:54Z] [iter=15] HEARTBEAT target_type=call_site elapsed_min=179.1 files_done=127 resolved=621 errors=2283 current=crates/ruff_python_formatter/src/statement/stmt_match.rs
[2026-04-15T05:31:53Z] [iter=15] HEARTBEAT target_type=call_site elapsed_min=180.1 files_done=128 resolved=624 errors=2296 current=crates/ruff_linter/src/rules/pandas_vet/rules/nunique_constant_series_check.rs
[2026-04-15T05:34:27Z] [iter=15] HEARTBEAT target_type=call_site elapsed_min=182.7 files_done=131 resolved=634 errors=2330 current=crates/ruff_linter/src/line_width.rs
[2026-04-15T05:36:02Z] [iter=15] HEARTBEAT target_type=call_site elapsed_min=184.3 files_done=132 resolved=657 errors=2351 current=crates/ruff_linter/src/rules/pylint/rules/invalid_envvar_default.rs
[2026-04-15T05:36:42Z] [iter=15] HEARTBEAT target_type=call_site elapsed_min=184.9 files_done=133 resolved=660 errors=2360 current=crates/ruff_linter/src/checkers/ast/analyze/string_like.rs
[2026-04-15T05:37:58Z] [iter=15] HEARTBEAT target_type=call_site elapsed_min=186.2 files_done=134 resolved=660 errors=2377 current=crates/ruff_linter/src/rules/pylint/rules/too_many_boolean_expressions.rs
[2026-04-15T05:39:06Z] [iter=15] HEARTBEAT target_type=call_site elapsed_min=187.3 files_done=135 resolved=661 errors=2392 current=crates/ruff_linter/src/rules/pandas_vet/rules/attr.rs
[2026-04-15T05:39:41Z] [iter=15] HEARTBEAT target_type=call_site elapsed_min=187.9 files_done=136 resolved=663 errors=2400 current=crates/ruff_linter/src/rules/flake8_pyi/rules/duplicate_union_member.rs
[2026-04-15T05:41:07Z] [iter=15] HEARTBEAT target_type=call_site elapsed_min=189.4 files_done=137 resolved=668 errors=2419 current=crates/ruff_linter/src/rules/flake8_bugbear/rules/except_with_non_exception_classes.rs
[2026-04-15T05:42:45Z] [iter=15] HEARTBEAT target_type=call_site elapsed_min=191.0 files_done=138 resolved=673 errors=2441 current=crates/ruff_linter/src/rules/flake8_use_pathlib/rules/os_sep_split.rs
[2026-04-15T05:43:39Z] [iter=15] HEARTBEAT target_type=call_site elapsed_min=191.9 files_done=139 resolved=675 errors=2453 current=crates/ruff_linter/src/rules/flake8_bandit/rules/hardcoded_password_string.rs
[2026-04-15T05:45:23Z] [iter=15] HEARTBEAT target_type=call_site elapsed_min=193.6 files_done=140 resolved=678 errors=2476 current=crates/ruff_formatter/src/formatter.rs
[2026-04-15T05:46:21Z] [iter=15] HEARTBEAT target_type=call_site elapsed_min=194.6 files_done=141 resolved=700 errors=2489 current=crates/ruff_python_literal/src/float.rs
[2026-04-15T05:46:57Z] [iter=15] HEARTBEAT target_type=call_site elapsed_min=195.2 files_done=142 resolved=703 errors=2497 current=crates/ruff_server/src/server/schedule/task.rs
[2026-04-15T05:48:22Z] [iter=15] HEARTBEAT target_type=call_site elapsed_min=196.6 files_done=144 resolved=707 errors=2516 current=crates/ruff_python_semantic/src/model/all.rs
[2026-04-15T05:49:58Z] [iter=15] HEARTBEAT target_type=call_site elapsed_min=198.2 files_done=145 resolved=721 errors=2537 current=crates/ruff_linter/src/rules/flake8_quotes/settings.rs
[2026-04-15T05:51:41Z] [iter=15] HEARTBEAT target_type=call_site elapsed_min=199.9 files_done=147 resolved=729 errors=2560 current=crates/ruff_linter/src/rules/pylint/rules/continue_in_finally.rs
[2026-04-15T05:52:35Z] [iter=15] HEARTBEAT target_type=call_site elapsed_min=200.8 files_done=148 resolved=730 errors=2572 current=crates/ruff_python_formatter/src/expression/expr_bin_op.rs
[2026-04-15T05:53:43Z] [iter=15] HEARTBEAT target_type=call_site elapsed_min=201.9 files_done=149 resolved=731 errors=2587 current=crates/ruff_linter/src/rules/flake8_2020/rules/compare.rs
[2026-04-15T05:55:49Z] [iter=15] HEARTBEAT target_type=call_site elapsed_min=204.0 files_done=150 resolved=736 errors=2615 current=crates/ruff_linter/src/rules/ruff/rules/default_factory_kwarg.rs
[2026-04-15T05:58:13Z] [iter=15] HEARTBEAT target_type=call_site elapsed_min=206.5 files_done=151 resolved=746 errors=2647 current=crates/ruff_python_formatter/src/pattern/pattern_match_star.rs
[2026-04-15T05:58:45Z] [iter=15] HEARTBEAT target_type=call_site elapsed_min=207.0 files_done=152 resolved=746 errors=2654 current=crates/ruff_linter/src/rules/pylint/rules/load_before_global_declaration.rs
[2026-04-15T05:59:30Z] [iter=15] HEARTBEAT target_type=call_site elapsed_min=207.7 files_done=153 resolved=747 errors=2664 current=crates/ruff_text_size/src/serde_impls.rs
[2026-04-15T06:01:19Z] [iter=15] HEARTBEAT target_type=call_site elapsed_min=209.6 files_done=155 resolved=761 errors=2688 current=crates/ruff_linter/src/rules/pyflakes/rules/unused_annotation.rs
[2026-04-15T06:02:09Z] [iter=15] HEARTBEAT target_type=call_site elapsed_min=210.4 files_done=156 resolved=763 errors=2699 current=crates/ruff_linter/src/rules/flake8_bandit/rules/exec_used.rs
[2026-04-15T06:03:39Z] [iter=15] HEARTBEAT target_type=call_site elapsed_min=211.9 files_done=158 resolved=765 errors=2719 current=crates/ruff_linter/src/rules/pylint/rules/unexpected_special_method_signature.rs
[2026-04-15T06:05:59Z] [iter=15] HEARTBEAT target_type=call_site elapsed_min=214.2 files_done=159 resolved=775 errors=2750 current=crates/ruff_python_formatter/src/pattern/pattern_match_class.rs
[2026-04-15T06:06:30Z] [iter=15] HEARTBEAT target_type=call_site elapsed_min=214.7 files_done=160 resolved=775 errors=2757 current=crates/ruff/build.rs
[2026-04-15T06:07:33Z] [iter=15] HEARTBEAT target_type=call_site elapsed_min=215.8 files_done=161 resolved=800 errors=2771 current=crates/ruff_linter/src/rules/flake8_pyi/rules/prefix_type_params.rs
[2026-04-15T06:08:54Z] [iter=15] HEARTBEAT target_type=call_site elapsed_min=217.1 files_done=162 resolved=804 errors=2789 current=crates/ruff_linter/src/rules/pylint/rules/redeclared_assigned_name.rs
[2026-04-15T06:09:39Z] [iter=15] HEARTBEAT target_type=call_site elapsed_min=217.9 files_done=163 resolved=806 errors=2799 current=crates/ruff_linter/src/rules/flake8_bugbear/rules/star_arg_unpacking_after_keyword_arg.rs
[2026-04-15T06:11:00Z] [iter=15] HEARTBEAT target_type=call_site elapsed_min=219.2 files_done=165 resolved=807 errors=2817 current=crates/ruff_linter/src/rules/flake8_pyi/rules/bad_version_info_comparison.rs
[2026-04-15T06:11:50Z] [iter=15] HEARTBEAT target_type=call_site elapsed_min=220.1 files_done=166 resolved=812 errors=2828 current=crates/ruff_wasm/tests/api.rs
[2026-04-15T06:12:44Z] [iter=15] HEARTBEAT target_type=call_site elapsed_min=221.0 files_done=169 resolved=818 errors=2840 current=crates/ruff_linter/src/rules/flake8_pytest_style/rules/fail.rs
[2026-04-15T06:13:38Z] [iter=15] HEARTBEAT target_type=call_site elapsed_min=221.9 files_done=170 resolved=819 errors=2852 current=crates/ruff_linter/src/rules/flake8_executable/mod.rs
[2026-04-15T06:14:50Z] [iter=15] HEARTBEAT target_type=call_site elapsed_min=223.1 files_done=172 resolved=827 errors=2868 current=crates/ruff_python_formatter/src/statement/stmt_type_alias.rs
[2026-04-15T06:15:21Z] [iter=15] HEARTBEAT target_type=call_site elapsed_min=223.6 files_done=173 resolved=827 errors=2875 current=crates/ruff_formatter/src/format_extensions.rs
[2026-04-15T06:15:53Z] [iter=15] HEARTBEAT target_type=call_site elapsed_min=224.1 files_done=175 resolved=839 errors=2882 current=crates/ruff_server/src/server/schedule/thread/priority.rs
[2026-04-15T06:16:33Z] [iter=15] HEARTBEAT target_type=call_site elapsed_min=224.8 files_done=177 resolved=855 errors=2891 current=crates/ruff_linter/src/rules/flake8_bandit/rules/mako_templates.rs
[2026-04-15T06:19:42Z] [iter=15] HEARTBEAT target_type=call_site elapsed_min=227.9 files_done=180 resolved=867 errors=2933 current=crates/ruff_linter/src/rules/pyflakes/rules/yield_outside_function.rs
[2026-04-15T06:20:36Z] [iter=15] HEARTBEAT target_type=call_site elapsed_min=228.8 files_done=181 resolved=868 errors=2945 current=crates/ruff_python_formatter/src/expression/expr_starred.rs
[2026-04-15T06:21:52Z] [iter=15] HEARTBEAT target_type=call_site elapsed_min=230.1 files_done=183 resolved=870 errors=2962 current=crates/ruff_python_index/src/multiline_ranges.rs
[2026-04-15T06:22:33Z] [iter=15] HEARTBEAT target_type=call_site elapsed_min=230.8 files_done=184 resolved=876 errors=2971 current=crates/ruff_linter/src/rules/flake8_print/mod.rs
[2026-04-15T06:23:09Z] [iter=15] HEARTBEAT target_type=call_site elapsed_min=231.4 files_done=186 resolved=882 errors=2979 current=crates/ruff_linter/src/rules/flake8_bandit/rules/hardcoded_password_default.rs
[2026-04-15T06:23:53Z] [iter=15] HEARTBEAT target_type=call_site elapsed_min=232.1 files_done=187 resolved=884 errors=2989 current=crates/ruff_linter/src/rules/flake8_logging_format/violations.rs
[2026-04-15T06:24:25Z] [iter=15] HEARTBEAT target_type=call_site elapsed_min=232.7 files_done=189 resolved=892 errors=2996 current=crates/ruff_python_formatter/src/statement/stmt_import.rs
[2026-04-15T06:25:10Z] [iter=15] HEARTBEAT target_type=call_site elapsed_min=233.4 files_done=190 resolved=892 errors=3006 current=crates/ruff_linter/src/rules/flake8_comprehensions/rules/unnecessary_subscript_reversal.rs
[2026-04-15T06:26:08Z] [iter=15] HEARTBEAT target_type=call_site elapsed_min=234.4 files_done=191 resolved=894 errors=3019 current=crates/ruff_linter/src/rules/flake8_pyi/rules/no_return_argument_annotation.rs
[2026-04-15T06:26:49Z] [iter=15] HEARTBEAT target_type=call_site elapsed_min=235.1 files_done=192 resolved=895 errors=3028 current=crates/ruff_linter/src/rules/ruff/rules/static_key_dict_comprehension.rs
[2026-04-15T06:28:14Z] [iter=15] HEARTBEAT target_type=call_site elapsed_min=236.5 files_done=196 resolved=914 errors=3047 current=crates/ruff_linter/src/rules/flake8_bandit/rules/tarfile_unsafe_members.rs
[2026-04-15T06:29:08Z] [iter=15] HEARTBEAT target_type=call_site elapsed_min=237.4 files_done=197 resolved=916 errors=3059 current=crates/ruff_linter/src/rules/pyupgrade/rules/lru_cache_with_maxsize_none.rs
[2026-04-15T06:30:47Z] [iter=15] HEARTBEAT target_type=call_site elapsed_min=239.0 files_done=198 resolved=919 errors=3081 current=crates/ruff_linter/src/rules/tryceratops/helpers.rs
[2026-04-15T06:31:18Z] [iter=15] HEARTBEAT target_type=call_site elapsed_min=239.5 files_done=199 resolved=923 errors=3088 current=crates/red_knot/src/db.rs
[2026-04-15T06:32:21Z] [iter=15] CHECKPOINT TRIGGERED elapsed_min=240.6 files_completed=953 new_files_this_iter=201 mem_mb=2785 MB
[2026-04-15T06:32:21Z] [iter=15] Writing partial enrichment graph path=/home/runner/work/forx/forx/storage/aggregate/lsp/b54922fd7394c36cdc390fd21aaee99206ebc361.nq.gz triples=376424
[2026-04-15T06:32:29Z] [iter=15] Checkpoint written, exiting with code 7
[2026-04-15T06:32:29Z] [iter=15] PHASE END: enrich (checkpointed) elapsed_s=14436 elapsed_min=240.6 files_completed=953
