[2026-04-15T07:00:34Z] === ENRICH ITERATION 16 START | repo=astral-sh/ruff sha=b54922fd ===
[2026-04-15T07:00:34Z] [iter=16] PHASE START: enrich repo=astral-sh/ruff sha=b54922fd runlog=/home/runner/work/forx/forx/storage/aggregate/lsp/logs/b54922fd-enrich-iter-016.log output=/home/runner/work/forx/forx/storage/aggregate/lsp/b54922fd7394c36cdc390fd21aaee99206ebc361.nq.gz
[2026-04-15T07:00:34Z] [iter=16] Step 1: Loading AST into disk-backed store mem_mb=77 MB
[2026-04-15T07:02:37Z] [iter=16] AST store loaded triples=11609282 load_secs=119 mem_mb=1094 MB
[2026-04-15T07:02:37Z] [iter=16] Step 2: Finding LSP targets mem_mb=1094 MB
[2026-04-15T07:03:01Z] [iter=16] LSP targets found call_sites=82537 imports=7864 extends=425 implements=349 secs=24
[2026-04-15T07:03:17Z] [iter=16] Loaded checkpoint partial graph triples=376424
[2026-04-15T07:03:37Z] [iter=16] Step 2.7: Building position index (one-shot, shared across resolvers) mem_mb=1310 MB
[2026-04-15T07:04:46Z] [iter=16] Position index built positions=795749 nodes_with_types=974884 secs=68 mem_mb=2766 MB
[2026-04-15T07:04:46Z] [iter=16] Step 3: Starting LSP resolution mem_mb=2766 MB already_completed_types=[] already_completed_files=953
[2026-04-15T07:04:46Z] [iter=16] Resolving target type target_type=call_site count=82537
[2026-04-15T07:05:59Z] [iter=16] HEARTBEAT target_type=call_site elapsed_min=5.4 files_done=0 resolved=0 errors=0 current=crates/ruff_linter/src/rules/pylint/rules/invalid_index_return.rs
[2026-04-15T07:08:07Z] [iter=16] HEARTBEAT target_type=call_site elapsed_min=7.6 files_done=1 resolved=0 errors=19 current=crates/ruff_benchmark/benches/formatter.rs
[2026-04-15T07:09:55Z] [iter=16] HEARTBEAT target_type=call_site elapsed_min=9.4 files_done=2 resolved=7 errors=42 current=crates/ruff_linter/src/rule_redirects.rs
[2026-04-15T07:11:46Z] [iter=16] HEARTBEAT target_type=call_site elapsed_min=11.2 files_done=5 resolved=37 errors=66 current=crates/ruff_linter/src/rules/pycodestyle/rules/ambiguous_function_name.rs
[2026-04-15T07:13:36Z] [iter=16] HEARTBEAT target_type=call_site elapsed_min=13.0 files_done=7 resolved=41 errors=90 current=crates/ruff_python_formatter/src/other/match_case.rs
[2026-04-15T07:14:58Z] [iter=16] HEARTBEAT target_type=call_site elapsed_min=14.4 files_done=9 resolved=42 errors=108 current=crates/ruff_python_stdlib/src/str.rs
[2026-04-15T07:16:39Z] [iter=16] HEARTBEAT target_type=call_site elapsed_min=16.1 files_done=10 resolved=42 errors=130 current=crates/ruff_linter/src/rules/flake8_logging/rules/direct_logger_instantiation.rs
[2026-04-15T07:18:01Z] [iter=16] HEARTBEAT target_type=call_site elapsed_min=17.5 files_done=11 resolved=47 errors=148 current=crates/ruff_linter/src/rules/pydocstyle/rules/triple_quotes.rs
[2026-04-15T07:20:14Z] [iter=16] HEARTBEAT target_type=call_site elapsed_min=19.7 files_done=12 resolved=54 errors=177 current=crates/ruff_linter/src/rules/flake8_datetimez/rules/call_datetime_utcfromtimestamp.rs
[2026-04-15T07:20:50Z] [iter=16] HEARTBEAT target_type=call_site elapsed_min=20.3 files_done=13 resolved=57 errors=185 current=crates/ruff_linter/src/rules/isort/sorting.rs
[2026-04-15T07:23:22Z] [iter=16] HEARTBEAT target_type=call_site elapsed_min=22.8 files_done=14 resolved=65 errors=218 current=crates/ruff_linter/src/rules/flake8_pytest_style/rules/patch.rs
[2026-04-15T07:24:12Z] [iter=16] HEARTBEAT target_type=call_site elapsed_min=23.6 files_done=15 resolved=70 errors=229 current=crates/ruff_python_formatter/src/statement/stmt_while.rs
[2026-04-15T07:25:36Z] [iter=16] HEARTBEAT target_type=call_site elapsed_min=25.0 files_done=16 resolved=71 errors=247 current=crates/ruff_linter/src/rules/flake8_datetimez/rules/call_datetime_utcnow.rs
[2026-04-15T07:26:12Z] [iter=16] HEARTBEAT target_type=call_site elapsed_min=25.6 files_done=17 resolved=74 errors=255 current=crates/ruff_linter/src/rules/pyupgrade/rules/useless_metaclass_type.rs
[2026-04-15T07:27:25Z] [iter=16] HEARTBEAT target_type=call_site elapsed_min=26.9 files_done=18 resolved=75 errors=271 current=crates/ruff_linter/src/checkers/ast/analyze/module.rs
[2026-04-15T07:28:06Z] [iter=16] HEARTBEAT target_type=call_site elapsed_min=27.5 files_done=22 resolved=77 errors=280 current=crates/ruff_linter/src/rules/ruff/rules/redirected_noqa.rs
[2026-04-15T07:29:10Z] [iter=16] HEARTBEAT target_type=call_site elapsed_min=28.6 files_done=23 resolved=79 errors=294 current=crates/ruff_linter/src/rules/pylint/rules/useless_import_alias.rs
[2026-04-15T07:30:00Z] [iter=16] HEARTBEAT target_type=call_site elapsed_min=29.4 files_done=24 resolved=80 errors=305 current=crates/ruff_linter/src/rules/flake8_import_conventions/rules/banned_import_alias.rs
[2026-04-15T07:30:32Z] [iter=16] HEARTBEAT target_type=call_site elapsed_min=30.0 files_done=25 resolved=82 errors=312 current=crates/ruff_linter/src/rules/flake8_bugbear/rules/loop_variable_overrides_iterator.rs
[2026-04-15T07:31:31Z] [iter=16] HEARTBEAT target_type=call_site elapsed_min=31.0 files_done=26 resolved=86 errors=325 current=crates/ruff_linter/src/rules/airflow/rules/task_variable_name.rs
[2026-04-15T07:32:08Z] [iter=16] HEARTBEAT target_type=call_site elapsed_min=31.6 files_done=27 resolved=89 errors=333 current=crates/ruff_python_formatter/src/statement/stmt_class_def.rs
[2026-04-15T07:34:11Z] [iter=16] HEARTBEAT target_type=call_site elapsed_min=33.6 files_done=28 resolved=95 errors=360 current=crates/ruff_linter/src/rules/flake8_builtins/settings.rs
[2026-04-15T07:35:56Z] [iter=16] HEARTBEAT target_type=call_site elapsed_min=35.4 files_done=30 resolved=96 errors=383 current=crates/ruff_linter/src/rules/flake8_pyi/rules/string_or_bytes_too_long.rs
[2026-04-15T07:38:22Z] [iter=16] HEARTBEAT target_type=call_site elapsed_min=37.8 files_done=31 resolved=98 errors=415 current=crates/ruff_linter/src/rules/pycodestyle/rules/ambiguous_class_name.rs
[2026-04-15T07:39:36Z] [iter=16] HEARTBEAT target_type=call_site elapsed_min=39.0 files_done=33 resolved=102 errors=431 current=crates/ruff_linter/src/rules/tryceratops/rules/raise_within_try.rs
[2026-04-15T07:41:12Z] [iter=16] HEARTBEAT target_type=call_site elapsed_min=40.6 files_done=34 resolved=105 errors=452 current=fuzz/fuzz_targets/ruff_parse_idempotency.rs
[2026-04-15T07:42:04Z] [iter=16] HEARTBEAT target_type=call_site elapsed_min=41.5 files_done=37 resolved=117 errors=463 current=crates/ruff_dev/src/print_cst.rs
[2026-04-15T07:43:04Z] [iter=16] HEARTBEAT target_type=call_site elapsed_min=42.5 files_done=39 resolved=126 errors=475 current=crates/ruff/src/resolve.rs
[2026-04-15T07:44:37Z] [iter=16] HEARTBEAT target_type=call_site elapsed_min=44.1 files_done=40 resolved=140 errors=495 current=crates/ruff_linter/src/rules/refurb/rules/single_item_membership_test.rs
[2026-04-15T07:46:08Z] [iter=16] HEARTBEAT target_type=call_site elapsed_min=45.6 files_done=41 resolved=145 errors=515 current=crates/ruff_linter/src/rules/pylint/rules/too_many_locals.rs
[2026-04-15T07:46:50Z] [iter=16] HEARTBEAT target_type=call_site elapsed_min=46.3 files_done=42 resolved=146 errors=524 current=crates/ruff_dev/src/print_tokens.rs
[2026-04-15T07:48:44Z] [iter=16] HEARTBEAT target_type=call_site elapsed_min=48.2 files_done=44 resolved=149 errors=549 current=crates/ruff_linter/src/rules/flake8_pyi/rules/redundant_numeric_union.rs
[2026-04-15T07:49:57Z] [iter=16] HEARTBEAT target_type=call_site elapsed_min=49.4 files_done=45 resolved=150 errors=565 current=crates/ruff_linter/src/rules/flake8_pytest_style/mod.rs
[2026-04-15T07:51:02Z] [iter=16] HEARTBEAT target_type=call_site elapsed_min=50.5 files_done=47 resolved=155 errors=579 current=crates/ruff/src/version.rs
[2026-04-15T07:52:07Z] [iter=16] HEARTBEAT target_type=call_site elapsed_min=51.5 files_done=48 resolved=169 errors=593 current=fuzz/fuzz_targets/ruff_formatter_validity.rs
[2026-04-15T07:53:12Z] [iter=16] HEARTBEAT target_type=call_site elapsed_min=52.6 files_done=51 resolved=172 errors=607 current=crates/ruff_linter/src/rules/pandas_vet/rules/assignment_to_df.rs
[2026-04-15T07:56:08Z] [iter=16] HEARTBEAT target_type=call_site elapsed_min=55.6 files_done=54 resolved=182 errors=645 current=crates/ruff_linter/src/rules/flake8_django/rules/all_with_model_form.rs
[2026-04-15T07:56:58Z] [iter=16] HEARTBEAT target_type=call_site elapsed_min=56.4 files_done=55 resolved=183 errors=656 current=crates/ruff_linter/src/rules/pyupgrade/rules/super_call_with_parameters.rs
[2026-04-15T07:58:52Z] [iter=16] HEARTBEAT target_type=call_site elapsed_min=58.3 files_done=56 resolved=185 errors=681 current=crates/ruff_python_formatter/src/statement/stmt_global.rs
[2026-04-15T08:00:32Z] [iter=16] HEARTBEAT target_type=call_site elapsed_min=60.0 files_done=57 resolved=185 errors=703 current=crates/ruff_linter/src/rules/pylint/rules/bad_dunder_method_name.rs
[2026-04-15T08:01:22Z] [iter=16] HEARTBEAT target_type=call_site elapsed_min=60.8 files_done=58 resolved=187 errors=714 current=crates/ruff_linter/src/rules/flake8_bandit/rules/unsafe_yaml_load.rs
[2026-04-15T08:02:31Z] [iter=16] HEARTBEAT target_type=call_site elapsed_min=61.9 files_done=59 resolved=193 errors=729 current=crates/ruff_formatter/shared_traits.rs
[2026-04-15T08:03:07Z] [iter=16] HEARTBEAT target_type=call_site elapsed_min=62.6 files_done=61 resolved=195 errors=737 current=crates/ruff_linter/src/rules/flake8_pyi/rules/docstring_in_stubs.rs
[2026-04-15T08:06:15Z] [iter=16] HEARTBEAT target_type=call_site elapsed_min=65.7 files_done=64 resolved=209 errors=778 current=crates/ruff_linter/src/rules/pylint/rules/invalid_bytes_return.rs
[2026-04-15T08:07:42Z] [iter=16] HEARTBEAT target_type=call_site elapsed_min=67.1 files_done=65 resolved=211 errors=797 current=crates/ruff_linter/src/rules/pydocstyle/rules/no_signature.rs
[2026-04-15T08:08:41Z] [iter=16] HEARTBEAT target_type=call_site elapsed_min=68.1 files_done=66 resolved=212 errors=810 current=crates/ruff_linter/src/rules/flake8_bugbear/rules/raise_without_from_inside_except.rs
[2026-04-15T08:09:13Z] [iter=16] HEARTBEAT target_type=call_site elapsed_min=68.7 files_done=67 resolved=213 errors=817 current=crates/ruff_linter/src/rules/flake8_bugbear/rules/assignment_to_os_environ.rs
[2026-04-15T08:10:17Z] [iter=16] HEARTBEAT target_type=call_site elapsed_min=69.7 files_done=69 resolved=217 errors=831 current=crates/ruff_linter/src/rules/flake8_slots/mod.rs
[2026-04-15T08:11:26Z] [iter=16] HEARTBEAT target_type=call_site elapsed_min=70.9 files_done=72 resolved=226 errors=846 current=crates/ruff_linter/src/rules/isort/normalize.rs
[2026-04-15T08:14:24Z] [iter=16] HEARTBEAT target_type=call_site elapsed_min=73.8 files_done=73 resolved=228 errors=885 current=crates/ruff_python_formatter/src/statement/stmt_try.rs
[2026-04-15T08:16:46Z] [iter=16] HEARTBEAT target_type=call_site elapsed_min=76.2 files_done=74 resolved=230 errors=916 current=crates/ruff_linter/src/rules/pygrep_hooks/mod.rs
[2026-04-15T08:18:40Z] [iter=16] HEARTBEAT target_type=call_site elapsed_min=78.1 files_done=76 resolved=244 errors=941 current=crates/ruff_server/src/server/api/notifications/did_open.rs
[2026-04-15T08:19:21Z] [iter=16] HEARTBEAT target_type=call_site elapsed_min=78.8 files_done=77 resolved=246 errors=950 current=crates/ruff_linter/src/rules/pycodestyle/rules/mixed_spaces_and_tabs.rs
[2026-04-15T08:19:58Z] [iter=16] HEARTBEAT target_type=call_site elapsed_min=79.4 files_done=78 resolved=248 errors=958 current=crates/ruff_python_codegen/src/lib.rs
[2026-04-15T08:20:30Z] [iter=16] HEARTBEAT target_type=call_site elapsed_min=79.9 files_done=79 resolved=249 errors=965 current=crates/ruff_python_formatter/src/statement/stmt_import_from.rs
[2026-04-15T08:22:33Z] [iter=16] HEARTBEAT target_type=call_site elapsed_min=82.0 files_done=80 resolved=249 errors=992 current=crates/ruff_linter/src/rules/pylint/rules/sys_exit_alias.rs
[2026-04-15T08:23:42Z] [iter=16] HEARTBEAT target_type=call_site elapsed_min=83.1 files_done=81 resolved=254 errors=1007 current=crates/ruff_formatter/src/format_element/tag.rs
[2026-04-15T08:25:09Z] [iter=16] HEARTBEAT target_type=call_site elapsed_min=84.6 files_done=83 resolved=283 errors=1026 current=crates/ruff_python_semantic/src/reference.rs
[2026-04-15T08:25:46Z] [iter=16] HEARTBEAT target_type=call_site elapsed_min=85.2 files_done=85 resolved=305 errors=1034 current=crates/ruff_linter/src/rules/pylint/rules/nan_comparison.rs
[2026-04-15T08:27:13Z] [iter=16] HEARTBEAT target_type=call_site elapsed_min=86.7 files_done=86 resolved=310 errors=1053 current=crates/ruff_linter/src/rules/refurb/mod.rs
[2026-04-15T08:27:50Z] [iter=16] HEARTBEAT target_type=call_site elapsed_min=87.3 files_done=88 resolved=324 errors=1061 current=crates/red_knot/src/watch.rs
[2026-04-15T08:28:23Z] [iter=16] HEARTBEAT target_type=call_site elapsed_min=87.8 files_done=89 resolved=332 errors=1068 current=crates/ruff_linter/src/rules/pylint/rules/useless_with_lock.rs
[2026-04-15T08:29:00Z] [iter=16] HEARTBEAT target_type=call_site elapsed_min=88.4 files_done=90 resolved=334 errors=1076 current=crates/ruff_linter/src/rules/pylint/rules/global_statement.rs
[2026-04-15T08:30:09Z] [iter=16] HEARTBEAT target_type=call_site elapsed_min=89.6 files_done=92 resolved=336 errors=1091 current=crates/ruff_linter/src/rules/flake8_bugbear/rules/except_with_empty_tuple.rs
[2026-04-15T08:32:13Z] [iter=16] HEARTBEAT target_type=call_site elapsed_min=91.6 files_done=94 resolved=340 errors=1118 current=crates/ruff_linter/src/rules/flake8_no_pep420/mod.rs
[2026-04-15T08:32:49Z] [iter=16] HEARTBEAT target_type=call_site elapsed_min=92.3 files_done=96 resolved=346 errors=1126 current=crates/ruff_python_ast_integration_tests/tests/identifier.rs
[2026-04-15T08:33:53Z] [iter=16] HEARTBEAT target_type=call_site elapsed_min=93.3 files_done=98 resolved=352 errors=1140 current=crates/ruff_linter/src/rules/pep8_naming/rules/camelcase_imported_as_constant.rs
[2026-04-15T08:34:35Z] [iter=16] HEARTBEAT target_type=call_site elapsed_min=94.0 files_done=99 resolved=354 errors=1149 current=crates/ruff_linter/src/rules/pep8_naming/rules/lowercase_imported_as_non_lowercase.rs
[2026-04-15T08:35:06Z] [iter=16] HEARTBEAT target_type=call_site elapsed_min=94.5 files_done=100 resolved=356 errors=1156 current=crates/ruff_formatter/src/source_code.rs
[2026-04-15T08:35:38Z] [iter=16] HEARTBEAT target_type=call_site elapsed_min=95.1 files_done=101 resolved=362 errors=1163 current=crates/ruff_linter/src/rules/flake8_pyi/rules/any_eq_ne_annotation.rs
[2026-04-15T08:36:51Z] [iter=16] HEARTBEAT target_type=call_site elapsed_min=96.3 files_done=102 resolved=366 errors=1179 current=crates/ruff_linter/src/rules/flake8_fixme/mod.rs
[2026-04-15T08:38:18Z] [iter=16] HEARTBEAT target_type=call_site elapsed_min=97.7 files_done=104 resolved=374 errors=1198 current=crates/ruff_linter/src/rules/pyflakes/rules/invalid_print_syntax.rs
[2026-04-15T08:38:54Z] [iter=16] HEARTBEAT target_type=call_site elapsed_min=98.3 files_done=106 resolved=377 errors=1206 current=crates/ruff_workspace/src/lib.rs
[2026-04-15T08:40:21Z] [iter=16] HEARTBEAT target_type=call_site elapsed_min=99.8 files_done=108 resolved=382 errors=1225 current=fuzz/fuzz_targets/ruff_formatter_idempotency.rs
[2026-04-15T08:41:13Z] [iter=16] HEARTBEAT target_type=call_site elapsed_min=100.7 files_done=110 resolved=394 errors=1236 current=crates/ruff_python_ast/src/stmt_if.rs
[2026-04-15T08:42:22Z] [iter=16] HEARTBEAT target_type=call_site elapsed_min=101.8 files_done=111 resolved=399 errors=1251 current=crates/ruff_linter/src/rules/pyflakes/rules/raise_not_implemented.rs
[2026-04-15T08:43:21Z] [iter=16] HEARTBEAT target_type=call_site elapsed_min=102.8 files_done=112 resolved=404 errors=1264 current=crates/ruff_linter/src/rules/flake8_pyi/rules/quoted_annotation_in_stub.rs
[2026-04-15T08:44:03Z] [iter=16] HEARTBEAT target_type=call_site elapsed_min=103.5 files_done=114 resolved=410 errors=1273 current=crates/ruff_linter/src/rules/pylint/rules/import_outside_top_level.rs
[2026-04-15T08:44:39Z] [iter=16] HEARTBEAT target_type=call_site elapsed_min=104.1 files_done=116 resolved=411 errors=1281 current=crates/ruff_linter/src/rules/pylint/rules/too_many_arguments.rs
[2026-04-15T08:45:30Z] [iter=16] HEARTBEAT target_type=call_site elapsed_min=104.9 files_done=117 resolved=412 errors=1292 current=crates/ruff_linter/src/rules/flake8_quotes/helpers.rs
[2026-04-15T08:46:53Z] [iter=16] HEARTBEAT target_type=call_site elapsed_min=106.3 files_done=118 resolved=414 errors=1310 current=crates/ruff_linter/src/rules/airflow/mod.rs
[2026-04-15T08:48:43Z] [iter=16] HEARTBEAT target_type=call_site elapsed_min=108.2 files_done=120 resolved=420 errors=1334 current=crates/ruff_linter/src/rules/flake8_bandit/settings.rs
[2026-04-15T08:50:33Z] [iter=16] HEARTBEAT target_type=call_site elapsed_min=110.0 files_done=122 resolved=425 errors=1358 current=crates/ruff_linter/src/rules/flake8_bugbear/rules/strip_with_multi_characters.rs
[2026-04-15T08:51:05Z] [iter=16] HEARTBEAT target_type=call_site elapsed_min=110.5 files_done=123 resolved=427 errors=1365 current=crates/ruff_linter/src/rules/flake8_bugbear/rules/f_string_docstring.rs
[2026-04-15T08:51:42Z] [iter=16] HEARTBEAT target_type=call_site elapsed_min=111.1 files_done=125 resolved=429 errors=1373 current=crates/ruff_linter/src/rules/pylint/rules/singledispatch_method.rs
[2026-04-15T08:53:13Z] [iter=16] HEARTBEAT target_type=call_site elapsed_min=112.7 files_done=126 resolved=434 errors=1393 current=crates/ruff_linter/src/rules/pep8_naming/rules/invalid_class_name.rs
[2026-04-15T08:53:59Z] [iter=16] HEARTBEAT target_type=call_site elapsed_min=113.4 files_done=127 resolved=436 errors=1403 current=crates/ruff_linter/src/rules/flake8_bandit/rules/ssl_with_bad_defaults.rs
[2026-04-15T08:54:59Z] [iter=16] HEARTBEAT target_type=call_site elapsed_min=114.4 files_done=128 resolved=438 errors=1416 current=crates/ruff_linter/src/rules/flake8_gettext/rules/format_in_gettext_func_call.rs
[2026-04-15T08:55:40Z] [iter=16] HEARTBEAT target_type=call_site elapsed_min=115.1 files_done=130 resolved=440 errors=1425 current=crates/ruff_linter/src/rules/pylint/rules/bad_staticmethod_argument.rs
[2026-04-15T08:56:35Z] [iter=16] HEARTBEAT target_type=call_site elapsed_min=116.0 files_done=131 resolved=443 errors=1437 current=crates/ruff_text_size/src/schemars_impls.rs
[2026-04-15T08:57:16Z] [iter=16] HEARTBEAT target_type=call_site elapsed_min=116.7 files_done=134 resolved=455 errors=1446 current=crates/ruff_linter/src/rules/tryceratops/mod.rs
[2026-04-15T08:58:16Z] [iter=16] HEARTBEAT target_type=call_site elapsed_min=117.7 files_done=136 resolved=462 errors=1459 current=crates/ruff_linter/src/rules/pyflakes/rules/assert_tuple.rs
[2026-04-15T08:59:24Z] [iter=16] HEARTBEAT target_type=call_site elapsed_min=118.8 files_done=138 resolved=464 errors=1474 current=crates/ruff_linter/src/rules/flake8_pyi/rules/pass_in_class_body.rs
[2026-04-15T09:00:28Z] [iter=16] HEARTBEAT target_type=call_site elapsed_min=119.9 files_done=139 resolved=467 errors=1488 current=crates/ruff_linter/src/rules/flake8_bandit/rules/django_raw_sql.rs
[2026-04-15T09:01:14Z] [iter=16] HEARTBEAT target_type=call_site elapsed_min=120.7 files_done=140 resolved=469 errors=1498 current=crates/ruff_linter/src/rules/flake8_use_pathlib/rules/path_constructor_current_directory.rs
[2026-04-15T09:01:55Z] [iter=16] HEARTBEAT target_type=call_site elapsed_min=121.4 files_done=141 resolved=472 errors=1507 current=crates/ruff_linter/src/rules/mccabe/mod.rs
[2026-04-15T09:02:36Z] [iter=16] HEARTBEAT target_type=call_site elapsed_min=122.0 files_done=143 resolved=482 errors=1516 current=crates/ruff_linter/src/rules/flake8_2020/rules/name_or_attribute.rs
[2026-04-15T09:03:12Z] [iter=16] HEARTBEAT target_type=call_site elapsed_min=122.6 files_done=144 resolved=484 errors=1524 current=crates/ruff_linter/src/rules/pylint/rules/misplaced_bare_raise.rs
[2026-04-15T09:03:49Z] [iter=16] HEARTBEAT target_type=call_site elapsed_min=123.3 files_done=145 resolved=485 errors=1532 current=crates/ruff_linter/src/rules/flake8_bugbear/rules/unary_prefix_increment_decrement.rs
[2026-04-15T09:04:34Z] [iter=16] HEARTBEAT target_type=call_site elapsed_min=124.0 files_done=147 resolved=487 errors=1542 current=crates/ruff_linter/src/rules/flake8_trio/rules/timeout_without_await.rs
[2026-04-15T09:05:34Z] [iter=16] HEARTBEAT target_type=call_site elapsed_min=125.0 files_done=148 resolved=489 errors=1555 current=crates/ruff_linter/src/checkers/ast/deferred.rs
[2026-04-15T09:06:15Z] [iter=16] HEARTBEAT target_type=call_site elapsed_min=125.7 files_done=150 resolved=496 errors=1564 current=crates/ruff_python_formatter/src/expression/expr_set_comp.rs
[2026-04-15T09:07:10Z] [iter=16] HEARTBEAT target_type=call_site elapsed_min=126.6 files_done=151 resolved=496 errors=1576 current=crates/ruff/tests/version.rs
[2026-04-15T09:08:06Z] [iter=16] HEARTBEAT target_type=call_site elapsed_min=127.5 files_done=153 resolved=507 errors=1588 current=crates/ruff_linter/src/rules/pylint/rules/self_or_cls_assignment.rs
[2026-04-15T09:09:47Z] [iter=16] HEARTBEAT target_type=call_site elapsed_min=129.2 files_done=154 resolved=508 errors=1610 current=crates/ruff_linter/src/rules/pyupgrade/rules/quoted_annotation.rs
[2026-04-15T09:11:00Z] [iter=16] HEARTBEAT target_type=call_site elapsed_min=130.4 files_done=156 resolved=511 errors=1626 current=crates/ruff_linter/src/rules/numpy/mod.rs
[2026-04-15T09:11:50Z] [iter=16] HEARTBEAT target_type=call_site elapsed_min=131.3 files_done=158 resolved=517 errors=1637 current=crates/ruff_linter/src/rules/pep8_naming/rules/constant_imported_as_non_constant.rs
[2026-04-15T09:12:22Z] [iter=16] HEARTBEAT target_type=call_site elapsed_min=131.8 files_done=159 resolved=519 errors=1644 current=crates/ruff_linter/src/rules/pycodestyle/rules/line_too_long.rs
[2026-04-15T09:12:54Z] [iter=16] HEARTBEAT target_type=call_site elapsed_min=132.3 files_done=160 resolved=520 errors=1651 current=crates/ruff_server/src/server/api/notifications/did_close.rs
[2026-04-15T09:13:40Z] [iter=16] HEARTBEAT target_type=call_site elapsed_min=133.1 files_done=161 resolved=521 errors=1661 current=crates/ruff_linter/src/rules/pycodestyle/rules/module_import_not_at_top_of_file.rs
[2026-04-15T09:14:12Z] [iter=16] HEARTBEAT target_type=call_site elapsed_min=133.6 files_done=162 resolved=524 errors=1668 current=crates/ruff_linter/src/rules/flake8_gettext/rules/printf_in_gettext_func_call.rs
[2026-04-15T09:15:11Z] [iter=16] HEARTBEAT target_type=call_site elapsed_min=134.6 files_done=165 resolved=535 errors=1681 current=crates/ruff_linter/src/message/pylint.rs
[2026-04-15T09:16:10Z] [iter=16] HEARTBEAT target_type=call_site elapsed_min=135.6 files_done=167 resolved=541 errors=1694 current=crates/ruff_db/src/vendored/path.rs
[2026-04-15T09:16:44Z] [iter=16] HEARTBEAT target_type=call_site elapsed_min=136.2 files_done=168 resolved=549 errors=1701 current=crates/ruff_python_formatter/src/statement/stmt_pass.rs
[2026-04-15T09:17:25Z] [iter=16] HEARTBEAT target_type=call_site elapsed_min=136.9 files_done=171 resolved=553 errors=1710 current=crates/ruff_dev/src/generate_all.rs
[2026-04-15T09:18:15Z] [iter=16] HEARTBEAT target_type=call_site elapsed_min=137.7 files_done=173 resolved=557 errors=1721 current=crates/ruff_notebook/src/schema.rs
[2026-04-15T09:18:53Z] [iter=16] HEARTBEAT target_type=call_site elapsed_min=138.3 files_done=176 resolved=560 errors=1729 current=crates/ruff_linter/src/rules/pycodestyle/rules/too_many_newlines_at_end_of_file.rs
[2026-04-15T09:19:47Z] [iter=16] HEARTBEAT target_type=call_site elapsed_min=139.2 files_done=177 resolved=564 errors=1741 current=crates/ruff_linter/src/rules/flake8_gettext/rules/f_string_in_gettext_func_call.rs
[2026-04-15T09:21:00Z] [iter=16] HEARTBEAT target_type=call_site elapsed_min=140.4 files_done=179 resolved=566 errors=1757 current=crates/ruff_linter/src/rules/pyflakes/rules/continue_outside_loop.rs
[2026-04-15T09:22:59Z] [iter=16] HEARTBEAT target_type=call_site elapsed_min=142.4 files_done=181 resolved=571 errors=1783 current=crates/ruff_linter/src/rules/pyflakes/settings.rs
[2026-04-15T09:23:35Z] [iter=16] HEARTBEAT target_type=call_site elapsed_min=143.0 files_done=183 resolved=575 errors=1791 current=crates/ruff_python_formatter/src/preview.rs
[2026-04-15T09:24:07Z] [iter=16] HEARTBEAT target_type=call_site elapsed_min=143.6 files_done=185 resolved=577 errors=1798 current=crates/ruff/tests/show_settings.rs
[2026-04-15T09:24:51Z] [iter=16] HEARTBEAT target_type=call_site elapsed_min=144.3 files_done=189 resolved=594 errors=1807 current=crates/ruff_linter/src/rules/tryceratops/rules/try_consider_else.rs
[2026-04-15T09:25:37Z] [iter=16] HEARTBEAT target_type=call_site elapsed_min=145.0 files_done=190 resolved=595 errors=1817 current=crates/ruff_python_formatter/src/other/bytes_literal.rs
[2026-04-15T09:26:22Z] [iter=16] HEARTBEAT target_type=call_site elapsed_min=145.8 files_done=191 resolved=595 errors=1827 current=crates/ruff_linter/src/rules/pyupgrade/helpers.rs
[2026-04-15T09:26:54Z] [iter=16] HEARTBEAT target_type=call_site elapsed_min=146.3 files_done=193 resolved=608 errors=1834 current=crates/ruff_linter/src/rules/pylint/rules/unnecessary_direct_lambda_call.rs
[2026-04-15T09:28:11Z] [iter=16] HEARTBEAT target_type=call_site elapsed_min=147.6 files_done=196 resolved=618 errors=1851 current=crates/ruff_linter/src/rules/flake8_executable/rules/shebang_not_executable.rs
[2026-04-15T09:28:44Z] [iter=16] HEARTBEAT target_type=call_site elapsed_min=148.2 files_done=198 resolved=621 errors=1858 current=crates/ruff_linter/src/rules/pylint/rules/binary_op_exception.rs
[2026-04-15T09:29:30Z] [iter=16] HEARTBEAT target_type=call_site elapsed_min=148.9 files_done=200 resolved=624 errors=1868 current=crates/ruff_python_literal/src/char.rs
[2026-04-15T09:30:26Z] [iter=16] HEARTBEAT target_type=call_site elapsed_min=149.9 files_done=203 resolved=634 errors=1880 current=crates/ruff_linter/src/rules/pandas_vet/mod.rs
[2026-04-15T09:30:57Z] [iter=16] HEARTBEAT target_type=call_site elapsed_min=150.4 files_done=204 resolved=639 errors=1887 current=crates/ruff_text_size/tests/indexing.rs
[2026-04-15T09:31:34Z] [iter=16] HEARTBEAT target_type=call_site elapsed_min=151.0 files_done=206 resolved=643 errors=1895 current=crates/ruff_linter/src/rules/flake8_copyright/settings.rs
[2026-04-15T09:33:28Z] [iter=16] HEARTBEAT target_type=call_site elapsed_min=152.9 files_done=210 resolved=654 errors=1920 current=crates/ruff_linter/src/rules/mccabe/settings.rs
[2026-04-15T09:34:36Z] [iter=16] HEARTBEAT target_type=call_site elapsed_min=154.0 files_done=212 resolved=658 errors=1935 current=crates/ruff_linter/src/rules/flake8_blind_except/mod.rs
[2026-04-15T09:35:27Z] [iter=16] HEARTBEAT target_type=call_site elapsed_min=154.9 files_done=214 resolved=664 errors=1946 current=crates/ruff_cache/src/lib.rs
[2026-04-15T09:36:17Z] [iter=16] HEARTBEAT target_type=call_site elapsed_min=155.7 files_done=217 resolved=666 errors=1957 current=crates/ruff_python_formatter/src/shared_traits.rs
[2026-04-15T09:37:12Z] [iter=16] HEARTBEAT target_type=call_site elapsed_min=156.6 files_done=221 resolved=674 errors=1969 current=crates/ruff_python_formatter/src/other/parameter.rs
[2026-04-15T09:37:44Z] [iter=16] HEARTBEAT target_type=call_site elapsed_min=157.2 files_done=224 resolved=681 errors=1976 current=crates/ruff_server/src/server/api/notifications/did_close_notebook.rs
[2026-04-15T09:38:30Z] [iter=16] HEARTBEAT target_type=call_site elapsed_min=157.9 files_done=227 resolved=687 errors=1986 current=fuzz/fuzz_targets/ruff_fix_validity.rs
[2026-04-15T09:39:13Z] [iter=16] HEARTBEAT target_type=call_site elapsed_min=158.7 files_done=233 resolved=694 errors=1995 current=crates/ruff_diagnostics/src/violation.rs
[2026-04-15T09:39:54Z] [iter=16] HEARTBEAT target_type=call_site elapsed_min=159.3 files_done=235 resolved=700 errors=2004 current=crates/ruff_linter/src/rules/pylint/rules/await_outside_async.rs
[2026-04-15T09:40:40Z] [iter=16] HEARTBEAT target_type=call_site elapsed_min=160.1 files_done=237 resolved=703 errors=2014 current=crates/ruff_python_formatter/src/type_param/type_param_type_var.rs
[2026-04-15T09:41:12Z] [iter=16] HEARTBEAT target_type=call_site elapsed_min=160.6 files_done=239 resolved=705 errors=2021 current=crates/ruff_linter/src/rules/pyflakes/rules/undefined_name.rs
[2026-04-15T09:42:07Z] [iter=16] HEARTBEAT target_type=call_site elapsed_min=161.6 files_done=245 resolved=712 errors=2033 current=crates/ruff_linter/src/rules/pylint/rules/return_in_init.rs
[2026-04-15T09:42:57Z] [iter=16] HEARTBEAT target_type=call_site elapsed_min=162.4 files_done=247 resolved=713 errors=2044 current=crates/ruff_python_formatter/src/other/elif_else_clause.rs
[2026-04-15T09:43:29Z] [iter=16] HEARTBEAT target_type=call_site elapsed_min=162.9 files_done=251 resolved=716 errors=2051 current=crates/ruff_linter/src/rules/flake8_builtins/rules/builtin_variable_shadowing.rs
[2026-04-15T09:44:24Z] [iter=16] HEARTBEAT target_type=call_site elapsed_min=163.8 files_done=253 resolved=722 errors=2063 current=crates/ruff_linter/src/rules/flake8_pyi/rules/stub_body_multiple_statements.rs
[2026-04-15T09:45:06Z] [iter=16] HEARTBEAT target_type=call_site elapsed_min=164.5 files_done=255 resolved=724 errors=2072 current=crates/ruff_python_formatter/src/pattern/pattern_keyword.rs
[2026-04-15T09:45:38Z] [iter=16] HEARTBEAT target_type=call_site elapsed_min=165.1 files_done=257 resolved=725 errors=2079 current=crates/ruff_linter/src/rules/flake8_pyi/rules/mod.rs
[2026-04-15T09:46:24Z] [iter=16] HEARTBEAT target_type=call_site elapsed_min=165.8 files_done=260 resolved=726 errors=2089 current=crates/ruff_python_formatter/src/expression/expr_none_literal.rs
[2026-04-15T09:46:56Z] [iter=16] HEARTBEAT target_type=call_site elapsed_min=166.4 files_done=263 resolved=728 errors=2096 current=crates/ruff_linter/src/rules/pylint/rules/global_at_module_level.rs
[2026-04-15T09:47:37Z] [iter=16] HEARTBEAT target_type=call_site elapsed_min=167.1 files_done=266 resolved=735 errors=2105 current=crates/ruff_linter/src/rules/pylint/rules/redefined_argument_from_local.rs
[2026-04-15T09:48:09Z] [iter=16] HEARTBEAT target_type=call_site elapsed_min=167.6 files_done=269 resolved=738 errors=2112 current=crates/ruff_formatter/src/printer/line_suffixes.rs
[2026-04-15T09:48:59Z] [iter=16] HEARTBEAT target_type=call_site elapsed_min=168.4 files_done=274 resolved=745 errors=2123 current=crates/ruff_linter/src/rules/flake8_errmsg/settings.rs
[2026-04-15T09:49:40Z] [iter=16] HEARTBEAT target_type=call_site elapsed_min=169.1 files_done=284 resolved=761 errors=2132 current=crates/ruff_python_formatter/src/expression/expr_boolean_literal.rs
[2026-04-15T09:50:17Z] [iter=16] HEARTBEAT target_type=call_site elapsed_min=169.7 files_done=292 resolved=769 errors=2140 current=crates/ruff_text_size/src/lib.rs
[2026-04-15T09:58:35Z] [iter=16] HEARTBEAT target_type=call_site elapsed_min=178.0 files_done=304 resolved=813 errors=2248 current=crates/ruff_linter/resources/test/fixtures/flake8_use_pathlib/import_as.py
[2026-04-15T10:03:14Z] [iter=16] HEARTBEAT target_type=call_site elapsed_min=182.7 files_done=307 resolved=870 errors=2309 current=crates/ruff_linter/resources/test/fixtures/refurb/FURB177.py
[2026-04-15T10:10:52Z] [iter=16] HEARTBEAT target_type=call_site elapsed_min=190.3 files_done=309 resolved=964 errors=2409 current=crates/ruff_linter/resources/test/fixtures/pylint/redefined_argument_from_local.py
[2026-04-15T10:11:53Z] [iter=16] HEARTBEAT target_type=call_site elapsed_min=191.3 files_done=314 resolved=992 errors=2422 current=crates/ruff_linter/resources/test/fixtures/flake8_bandit/S602.py
[2026-04-15T10:13:07Z] [iter=16] HEARTBEAT target_type=call_site elapsed_min=192.5 files_done=320 resolved=1044 errors=2438 current=crates/ruff_linter/resources/test/fixtures/flake8_bugbear/B905.py
[2026-04-15T10:13:44Z] [iter=16] HEARTBEAT target_type=call_site elapsed_min=193.2 files_done=326 resolved=1134 errors=2446 current=python/ruff-ecosystem/ruff_ecosystem/projects.py
[2026-04-15T10:18:55Z] [iter=16] HEARTBEAT target_type=call_site elapsed_min=198.3 files_done=327 resolved=1172 errors=2514 current=crates/ruff_linter/resources/test/fixtures/flake8_bugbear/B023.py
[2026-04-15T10:19:59Z] [iter=16] HEARTBEAT target_type=call_site elapsed_min=199.4 files_done=328 resolved=1277 errors=2528 current=crates/ruff_linter/resources/test/fixtures/flake8_bugbear/B009_B010.py
[2026-04-15T10:27:36Z] [iter=16] HEARTBEAT target_type=call_site elapsed_min=207.0 files_done=331 resolved=1377 errors=2628 current=crates/ruff_linter/resources/test/fixtures/flake8_pie/PIE807.py
[2026-04-15T10:28:31Z] [iter=16] HEARTBEAT target_type=call_site elapsed_min=208.0 files_done=335 resolved=1458 errors=2640 current=crates/ruff_linter/resources/test/fixtures/pylint/nested_min_max.py
[2026-04-15T10:29:44Z] [iter=16] HEARTBEAT target_type=call_site elapsed_min=209.2 files_done=337 resolved=1506 errors=2656 current=crates/ruff_linter/resources/test/fixtures/flake8_comprehensions/C417.py
[2026-04-15T10:32:15Z] [iter=16] HEARTBEAT target_type=call_site elapsed_min=211.7 files_done=339 resolved=1610 errors=2689 current=crates/ruff_linter/resources/test/fixtures/pyupgrade/UP004.py
[2026-04-15T10:37:22Z] [iter=16] HEARTBEAT target_type=call_site elapsed_min=216.8 files_done=345 resolved=1640 errors=2756 current=crates/ruff_python_formatter/resources/test/fixtures/black/miscellaneous/debug_visitor.py
[2026-04-15T10:40:30Z] [iter=16] HEARTBEAT target_type=call_site elapsed_min=219.9 files_done=350 resolved=1705 errors=2797 current=crates/ruff_linter/resources/test/fixtures/flake8_pytest_style/PT008.py
[2026-04-15T10:41:07Z] [iter=16] HEARTBEAT target_type=call_site elapsed_min=220.6 files_done=355 resolved=1720 errors=2805 current=crates/ruff_linter/resources/test/fixtures/pylint/dict_index_missing_items.py
[2026-04-15T10:41:49Z] [iter=16] HEARTBEAT target_type=call_site elapsed_min=221.2 files_done=358 resolved=1791 errors=2814 current=crates/ruff_linter/resources/test/fixtures/pyupgrade/UP032_2.py
[2026-04-15T10:42:27Z] [iter=16] HEARTBEAT target_type=call_site elapsed_min=221.9 files_done=364 resolved=1930 errors=2822 current=crates/ruff_python_formatter/resources/test/fixtures/ruff/statement/return.py
[2026-04-15T10:47:32Z] [iter=16] HEARTBEAT target_type=call_site elapsed_min=227.0 files_done=366 resolved=1940 errors=2889 current=crates/ruff_linter/resources/test/fixtures/flake8_async/ASYNC116.py
[2026-04-15T10:48:55Z] [iter=16] HEARTBEAT target_type=call_site elapsed_min=228.3 files_done=369 resolved=1962 errors=2907 current=crates/ruff_linter/resources/test/fixtures/numpy/NPY201.py
[2026-04-15T10:50:04Z] [iter=16] HEARTBEAT target_type=call_site elapsed_min=229.5 files_done=378 resolved=2092 errors=2922 current=crates/ruff_linter/resources/test/fixtures/flake8_simplify/SIM223.py
[2026-04-15T10:51:49Z] [iter=16] HEARTBEAT target_type=call_site elapsed_min=231.3 files_done=380 resolved=2158 errors=2945 current=python/ruff-ecosystem/ruff_ecosystem/format.py
[2026-04-15T10:55:14Z] [iter=16] HEARTBEAT target_type=call_site elapsed_min=234.7 files_done=381 resolved=2173 errors=2990 current=crates/ruff_linter/resources/test/fixtures/flake8_simplify/SIM111.py
[2026-04-15T10:56:36Z] [iter=16] HEARTBEAT target_type=call_site elapsed_min=236.0 files_done=383 resolved=2173 errors=3008 current=crates/ruff_python_formatter/resources/test/fixtures/black/cases/preview_multiline_strings.py
[2026-04-15T10:58:35Z] [iter=16] HEARTBEAT target_type=call_site elapsed_min=238.0 files_done=387 resolved=2249 errors=3034 current=crates/ruff_linter/resources/test/fixtures/pyflakes/F821_13.py
[2026-04-15T10:59:13Z] [iter=16] HEARTBEAT target_type=call_site elapsed_min=238.7 files_done=392 resolved=2392 errors=3042 current=crates/ruff_linter/resources/test/fixtures/ruff/RUF028.py
[2026-04-15T11:00:45Z] [iter=16] CHECKPOINT TRIGGERED elapsed_min=240.2 files_completed=1346 new_files_this_iter=393 mem_mb=2770 MB
[2026-04-15T11:00:45Z] [iter=16] Writing partial enrichment graph path=/home/runner/work/forx/forx/storage/aggregate/lsp/b54922fd7394c36cdc390fd21aaee99206ebc361.nq.gz triples=409295
[2026-04-15T11:00:54Z] [iter=16] Checkpoint written, exiting with code 7
[2026-04-15T11:00:54Z] [iter=16] PHASE END: enrich (checkpointed) elapsed_s=14411 elapsed_min=240.2 files_completed=1346
