[2026-04-12T16:26:25Z] === ENRICH ITERATION 1 START | repo=astral-sh/ruff sha=b54922fd ===
[2026-04-12T16:26:25Z] [iter=1] PHASE START: enrich repo=astral-sh/ruff sha=b54922fd runlog=/home/runner/work/forx/forx/storage/aggregate/lsp/logs/b54922fd-enrich-iter-001.log output=/home/runner/work/forx/forx/storage/aggregate/lsp/b54922fd7394c36cdc390fd21aaee99206ebc361.nq.gz
[2026-04-12T16:26:25Z] [iter=1] Step 1: Loading AST into disk-backed store mem_mb=77 MB
[2026-04-12T16:28:29Z] [iter=1] AST store loaded triples=11609282 load_secs=119 mem_mb=1096 MB
[2026-04-12T16:28:29Z] [iter=1] Step 2: Finding LSP targets mem_mb=1096 MB
[2026-04-12T16:28:53Z] [iter=1] LSP targets found call_sites=82537 imports=7864 extends=425 implements=349 secs=24
[2026-04-12T16:29:13Z] [iter=1] Step 2.7: Building position index (one-shot, shared across resolvers) mem_mb=1096 MB
[2026-04-12T16:30:29Z] [iter=1] Position index built positions=795749 nodes_with_types=974884 secs=76 mem_mb=1933 MB
[2026-04-12T16:30:29Z] [iter=1] Step 3: Starting LSP resolution mem_mb=1933 MB already_completed_types=[] already_completed_files=0
[2026-04-12T16:30:29Z] [iter=1] Resolving target type target_type=call_site count=82537
[2026-04-12T16:31:42Z] [iter=1] HEARTBEAT target_type=call_site elapsed_min=5.3 files_done=0 resolved=0 errors=0 current=crates/ruff_linter/src/rules/pylint/rules/repeated_equality_comparison.rs
[2026-04-12T16:36:40Z] [iter=1] HEARTBEAT target_type=call_site elapsed_min=10.3 files_done=1 resolved=18 errors=55 current=crates/ruff_linter/src/rules/isort/categorize.rs
[2026-04-12T16:43:17Z] [iter=1] HEARTBEAT target_type=call_site elapsed_min=16.9 files_done=2 resolved=50 errors=142 current=crates/ruff_linter/src/rules/pyupgrade/rules/extraneous_parentheses.rs
[2026-04-12T16:45:35Z] [iter=1] HEARTBEAT target_type=call_site elapsed_min=19.2 files_done=3 resolved=55 errors=172 current=crates/ruff_linter/src/rules/flake8_copyright/mod.rs
[2026-04-12T16:50:11Z] [iter=1] HEARTBEAT target_type=call_site elapsed_min=23.8 files_done=4 resolved=80 errors=232 current=crates/ruff_linter/src/linter.rs
[2026-04-12T17:08:13Z] [iter=1] HEARTBEAT target_type=call_site elapsed_min=41.8 files_done=5 resolved=118 errors=468 current=crates/ruff_python_parser/src/parser/mod.rs
[2026-04-12T17:22:35Z] [iter=1] HEARTBEAT target_type=call_site elapsed_min=56.2 files_done=6 resolved=232 errors=657 current=crates/ruff_formatter/src/format_element/document.rs
[2026-04-12T17:35:29Z] [iter=1] HEARTBEAT target_type=call_site elapsed_min=69.1 files_done=7 resolved=261 errors=827 current=crates/ruff_linter/src/rules/pyflakes/rules/strings.rs
[2026-04-12T17:46:43Z] [iter=1] HEARTBEAT target_type=call_site elapsed_min=80.3 files_done=8 resolved=288 errors=975 current=crates/ruff_python_formatter/src/expression/expr_number_literal.rs
[2026-04-12T17:51:12Z] [iter=1] HEARTBEAT target_type=call_site elapsed_min=84.8 files_done=9 resolved=297 errors=1034 current=crates/ruff_linter/src/checkers/ast/analyze/except_handler.rs
[2026-04-12T17:53:33Z] [iter=1] HEARTBEAT target_type=call_site elapsed_min=87.1 files_done=10 resolved=297 errors=1065 current=crates/ruff_python_semantic/src/analyze/visibility.rs
[2026-04-12T17:58:07Z] [iter=1] HEARTBEAT target_type=call_site elapsed_min=91.7 files_done=11 resolved=299 errors=1125 current=crates/ruff_linter/src/rules/pyupgrade/rules/deprecated_import.rs
[2026-04-12T18:05:10Z] [iter=1] HEARTBEAT target_type=call_site elapsed_min=98.7 files_done=12 resolved=339 errors=1218 current=crates/ruff_linter/src/rules/flake8_quotes/rules/check_string_quotes.rs
[2026-04-12T18:14:12Z] [iter=1] HEARTBEAT target_type=call_site elapsed_min=107.8 files_done=13 resolved=354 errors=1337 current=crates/ruff_workspace/src/options.rs
[2026-04-12T18:29:01Z] [iter=1] HEARTBEAT target_type=call_site elapsed_min=122.6 files_done=14 resolved=392 errors=1531 current=crates/ruff_python_ast/src/expression.rs
[2026-04-12T18:42:23Z] [iter=1] HEARTBEAT target_type=call_site elapsed_min=136.0 files_done=15 resolved=393 errors=1706 current=crates/red_knot/src/semantic.rs
[2026-04-12T18:54:57Z] [iter=1] HEARTBEAT target_type=call_site elapsed_min=148.5 files_done=16 resolved=560 errors=1870 current=crates/red_knot/src/program/mod.rs
[2026-04-12T18:56:57Z] [iter=1] HEARTBEAT target_type=call_site elapsed_min=150.5 files_done=17 resolved=585 errors=1896 current=crates/ruff_python_formatter/src/expression/expr_attribute.rs
[2026-04-12T19:02:12Z] [iter=1] HEARTBEAT target_type=call_site elapsed_min=155.8 files_done=18 resolved=592 errors=1965 current=crates/ruff_linter/src/rules/pyupgrade/rules/replace_stdout_stderr.rs
[2026-04-12T19:04:21Z] [iter=1] HEARTBEAT target_type=call_site elapsed_min=157.9 files_done=19 resolved=598 errors=1993 current=crates/ruff_linter/src/rules/flake8_unused_arguments/rules/unused_arguments.rs
[2026-04-12T19:12:22Z] [iter=1] HEARTBEAT target_type=call_site elapsed_min=165.9 files_done=20 resolved=605 errors=2098 current=crates/ruff_source_file/src/newlines.rs
[2026-04-12T19:15:49Z] [iter=1] HEARTBEAT target_type=call_site elapsed_min=169.4 files_done=21 resolved=662 errors=2143 current=crates/ruff_linter/src/rules/refurb/rules/fstring_number_format.rs
[2026-04-12T19:17:48Z] [iter=1] HEARTBEAT target_type=call_site elapsed_min=171.4 files_done=22 resolved=674 errors=2169 current=crates/ruff_linter/src/rules/flake8_bandit/rules/ssl_insecure_version.rs
[2026-04-12T19:19:02Z] [iter=1] HEARTBEAT target_type=call_site elapsed_min=172.6 files_done=23 resolved=678 errors=2185 current=crates/ruff_python_formatter/src/other/comprehension.rs
[2026-04-12T19:23:28Z] [iter=1] HEARTBEAT target_type=call_site elapsed_min=177.0 files_done=24 resolved=680 errors=2243 current=crates/ruff_python_formatter/tests/fixtures.rs
[2026-04-12T19:31:37Z] [iter=1] HEARTBEAT target_type=call_site elapsed_min=185.2 files_done=25 resolved=771 errors=2349 current=crates/ruff_python_formatter/src/other/f_string_element.rs
[2026-04-12T19:37:53Z] [iter=1] HEARTBEAT target_type=call_site elapsed_min=191.5 files_done=26 resolved=781 errors=2431 current=crates/ruff_linter/src/rules/pyupgrade/rules/printf_string_formatting.rs
[2026-04-12T19:48:41Z] [iter=1] HEARTBEAT target_type=call_site elapsed_min=202.3 files_done=27 resolved=816 errors=2573 current=crates/ruff_linter/src/noqa.rs
[2026-04-12T20:11:13Z] [iter=1] HEARTBEAT target_type=call_site elapsed_min=224.8 files_done=28 resolved=935 errors=2869 current=crates/ruff_text_size/src/range.rs
[2026-04-12T20:14:52Z] [iter=1] HEARTBEAT target_type=call_site elapsed_min=228.5 files_done=29 resolved=958 errors=2917 current=crates/ruff_formatter/src/builders.rs
[2026-04-12T20:26:37Z] [iter=1] CHECKPOINT TRIGGERED elapsed_min=240.2 files_completed=29 new_files_this_iter=29 mem_mb=1937 MB
[2026-04-12T20:26:37Z] [iter=1] Writing partial enrichment graph path=/home/runner/work/forx/forx/storage/aggregate/lsp/b54922fd7394c36cdc390fd21aaee99206ebc361.nq.gz triples=46521
[2026-04-12T20:26:38Z] [iter=1] Checkpoint written, exiting with code 7
[2026-04-12T20:26:38Z] [iter=1] PHASE END: enrich (checkpointed) elapsed_s=14412 elapsed_min=240.2 files_completed=29
